[2022-12-04 05:46:32,850] {taskinstance.py:1032} INFO - Dependencies all met for <TaskInstance: data_ingestion_gcs_dag.bigquery_external_table_task manual__2022-12-04T05:45:55.792480+00:00 [queued]>
[2022-12-04 05:46:32,867] {taskinstance.py:1032} INFO - Dependencies all met for <TaskInstance: data_ingestion_gcs_dag.bigquery_external_table_task manual__2022-12-04T05:45:55.792480+00:00 [queued]>
[2022-12-04 05:46:32,867] {taskinstance.py:1238} INFO - 
--------------------------------------------------------------------------------
[2022-12-04 05:46:32,867] {taskinstance.py:1239} INFO - Starting attempt 1 of 2
[2022-12-04 05:46:32,867] {taskinstance.py:1240} INFO - 
--------------------------------------------------------------------------------
[2022-12-04 05:46:32,886] {taskinstance.py:1259} INFO - Executing <Task(BigQueryCreateExternalTableOperator): bigquery_external_table_task> on 2022-12-04 05:45:55.792480+00:00
[2022-12-04 05:46:32,894] {standard_task_runner.py:52} INFO - Started process 3170 to run task
[2022-12-04 05:46:32,897] {standard_task_runner.py:76} INFO - Running: ['***', 'tasks', 'run', 'data_ingestion_gcs_dag', 'bigquery_external_table_task', 'manual__2022-12-04T05:45:55.792480+00:00', '--job-id', '239', '--raw', '--subdir', 'DAGS_FOLDER/data_ingestion_gcs_dag.py', '--cfg-path', '/tmp/tmp8mmae7mr', '--error-file', '/tmp/tmpst38gusk']
[2022-12-04 05:46:32,899] {standard_task_runner.py:77} INFO - Job 239: Subtask bigquery_external_table_task
[2022-12-04 05:46:32,963] {logging_mixin.py:109} INFO - Running <TaskInstance: data_ingestion_gcs_dag.bigquery_external_table_task manual__2022-12-04T05:45:55.792480+00:00 [running]> on host f96e892f1d4c
[2022-12-04 05:46:33,056] {taskinstance.py:1426} INFO - Exporting the following env vars:
AIRFLOW_CTX_DAG_OWNER=***
AIRFLOW_CTX_DAG_ID=data_ingestion_gcs_dag
AIRFLOW_CTX_TASK_ID=bigquery_external_table_task
AIRFLOW_CTX_EXECUTION_DATE=2022-12-04T05:45:55.792480+00:00
AIRFLOW_CTX_DAG_RUN_ID=manual__2022-12-04T05:45:55.792480+00:00
[2022-12-04 05:46:33,058] {crypto.py:82} WARNING - empty cryptography key - values will not be stored encrypted.
[2022-12-04 05:46:33,554] {taskinstance.py:1277} INFO - Marking task as SUCCESS. dag_id=data_ingestion_gcs_dag, task_id=bigquery_external_table_task, execution_date=20221204T054555, start_date=20221204T054632, end_date=20221204T054633
[2022-12-04 05:46:33,592] {local_task_job.py:154} INFO - Task exited with return code 0
[2022-12-04 05:46:33,635] {local_task_job.py:264} INFO - 0 downstream tasks scheduled from follow-on schedule check
