[2022-12-04 05:14:34,954] {taskinstance.py:1032} INFO - Dependencies all met for <TaskInstance: data_ingestion_gcs_dag.bigquery_external_table_task scheduled__2022-12-03T00:00:00+00:00 [queued]>
[2022-12-04 05:14:34,973] {taskinstance.py:1032} INFO - Dependencies all met for <TaskInstance: data_ingestion_gcs_dag.bigquery_external_table_task scheduled__2022-12-03T00:00:00+00:00 [queued]>
[2022-12-04 05:14:34,974] {taskinstance.py:1238} INFO - 
--------------------------------------------------------------------------------
[2022-12-04 05:14:34,974] {taskinstance.py:1239} INFO - Starting attempt 1 of 2
[2022-12-04 05:14:34,974] {taskinstance.py:1240} INFO - 
--------------------------------------------------------------------------------
[2022-12-04 05:14:34,998] {taskinstance.py:1259} INFO - Executing <Task(BigQueryCreateExternalTableOperator): bigquery_external_table_task> on 2022-12-03 00:00:00+00:00
[2022-12-04 05:14:35,005] {standard_task_runner.py:52} INFO - Started process 2057 to run task
[2022-12-04 05:14:35,012] {standard_task_runner.py:76} INFO - Running: ['***', 'tasks', 'run', 'data_ingestion_gcs_dag', 'bigquery_external_table_task', 'scheduled__2022-12-03T00:00:00+00:00', '--job-id', '211', '--raw', '--subdir', 'DAGS_FOLDER/data_ingest_try_dag.py', '--cfg-path', '/tmp/tmpa6psx_tw', '--error-file', '/tmp/tmpqiozg1ck']
[2022-12-04 05:14:35,013] {standard_task_runner.py:77} INFO - Job 211: Subtask bigquery_external_table_task
[2022-12-04 05:14:35,103] {logging_mixin.py:109} INFO - Running <TaskInstance: data_ingestion_gcs_dag.bigquery_external_table_task scheduled__2022-12-03T00:00:00+00:00 [running]> on host f96e892f1d4c
[2022-12-04 05:14:35,257] {taskinstance.py:1426} INFO - Exporting the following env vars:
AIRFLOW_CTX_DAG_OWNER=***
AIRFLOW_CTX_DAG_ID=data_ingestion_gcs_dag
AIRFLOW_CTX_TASK_ID=bigquery_external_table_task
AIRFLOW_CTX_EXECUTION_DATE=2022-12-03T00:00:00+00:00
AIRFLOW_CTX_DAG_RUN_ID=scheduled__2022-12-03T00:00:00+00:00
[2022-12-04 05:14:35,260] {crypto.py:82} WARNING - empty cryptography key - values will not be stored encrypted.
[2022-12-04 05:14:35,802] {taskinstance.py:1277} INFO - Marking task as SUCCESS. dag_id=data_ingestion_gcs_dag, task_id=bigquery_external_table_task, execution_date=20221203T000000, start_date=20221204T051434, end_date=20221204T051435
[2022-12-04 05:14:35,870] {local_task_job.py:154} INFO - Task exited with return code 0
[2022-12-04 05:14:35,938] {local_task_job.py:264} INFO - 0 downstream tasks scheduled from follow-on schedule check
[2022-12-04 05:30:44,143] {taskinstance.py:1032} INFO - Dependencies all met for <TaskInstance: data_ingestion_gcs_dag.bigquery_external_table_task scheduled__2022-12-03T00:00:00+00:00 [queued]>
[2022-12-04 05:30:44,178] {taskinstance.py:1032} INFO - Dependencies all met for <TaskInstance: data_ingestion_gcs_dag.bigquery_external_table_task scheduled__2022-12-03T00:00:00+00:00 [queued]>
[2022-12-04 05:30:44,180] {taskinstance.py:1238} INFO - 
--------------------------------------------------------------------------------
[2022-12-04 05:30:44,180] {taskinstance.py:1239} INFO - Starting attempt 1 of 2
[2022-12-04 05:30:44,180] {taskinstance.py:1240} INFO - 
--------------------------------------------------------------------------------
[2022-12-04 05:30:44,203] {taskinstance.py:1259} INFO - Executing <Task(BigQueryCreateExternalTableOperator): bigquery_external_table_task> on 2022-12-03 00:00:00+00:00
[2022-12-04 05:30:44,214] {standard_task_runner.py:52} INFO - Started process 2602 to run task
[2022-12-04 05:30:44,217] {standard_task_runner.py:76} INFO - Running: ['***', 'tasks', 'run', 'data_ingestion_gcs_dag', 'bigquery_external_table_task', 'scheduled__2022-12-03T00:00:00+00:00', '--job-id', '220', '--raw', '--subdir', 'DAGS_FOLDER/data_ingestion_gcs_dag.py', '--cfg-path', '/tmp/tmp1npxs__x', '--error-file', '/tmp/tmpt2ub2kn1']
[2022-12-04 05:30:44,219] {standard_task_runner.py:77} INFO - Job 220: Subtask bigquery_external_table_task
[2022-12-04 05:30:44,305] {logging_mixin.py:109} INFO - Running <TaskInstance: data_ingestion_gcs_dag.bigquery_external_table_task scheduled__2022-12-03T00:00:00+00:00 [running]> on host f96e892f1d4c
[2022-12-04 05:30:44,409] {taskinstance.py:1426} INFO - Exporting the following env vars:
AIRFLOW_CTX_DAG_OWNER=***
AIRFLOW_CTX_DAG_ID=data_ingestion_gcs_dag
AIRFLOW_CTX_TASK_ID=bigquery_external_table_task
AIRFLOW_CTX_EXECUTION_DATE=2022-12-03T00:00:00+00:00
AIRFLOW_CTX_DAG_RUN_ID=scheduled__2022-12-03T00:00:00+00:00
[2022-12-04 05:30:44,411] {crypto.py:82} WARNING - empty cryptography key - values will not be stored encrypted.
[2022-12-04 05:30:45,037] {taskinstance.py:1277} INFO - Marking task as SUCCESS. dag_id=data_ingestion_gcs_dag, task_id=bigquery_external_table_task, execution_date=20221203T000000, start_date=20221204T053044, end_date=20221204T053045
[2022-12-04 05:30:45,092] {local_task_job.py:154} INFO - Task exited with return code 0
[2022-12-04 05:30:45,145] {local_task_job.py:264} INFO - 0 downstream tasks scheduled from follow-on schedule check
[2022-12-04 05:46:14,518] {taskinstance.py:1032} INFO - Dependencies all met for <TaskInstance: data_ingestion_gcs_dag.bigquery_external_table_task scheduled__2022-12-03T00:00:00+00:00 [queued]>
[2022-12-04 05:46:14,542] {taskinstance.py:1032} INFO - Dependencies all met for <TaskInstance: data_ingestion_gcs_dag.bigquery_external_table_task scheduled__2022-12-03T00:00:00+00:00 [queued]>
[2022-12-04 05:46:14,542] {taskinstance.py:1238} INFO - 
--------------------------------------------------------------------------------
[2022-12-04 05:46:14,542] {taskinstance.py:1239} INFO - Starting attempt 1 of 2
[2022-12-04 05:46:14,542] {taskinstance.py:1240} INFO - 
--------------------------------------------------------------------------------
[2022-12-04 05:46:14,563] {taskinstance.py:1259} INFO - Executing <Task(BigQueryCreateExternalTableOperator): bigquery_external_table_task> on 2022-12-03 00:00:00+00:00
[2022-12-04 05:46:14,573] {standard_task_runner.py:52} INFO - Started process 3143 to run task
[2022-12-04 05:46:14,577] {standard_task_runner.py:76} INFO - Running: ['***', 'tasks', 'run', 'data_ingestion_gcs_dag', 'bigquery_external_table_task', 'scheduled__2022-12-03T00:00:00+00:00', '--job-id', '234', '--raw', '--subdir', 'DAGS_FOLDER/data_ingestion_gcs_dag.py', '--cfg-path', '/tmp/tmpug5_mc75', '--error-file', '/tmp/tmpxfhqmh_z']
[2022-12-04 05:46:14,578] {standard_task_runner.py:77} INFO - Job 234: Subtask bigquery_external_table_task
[2022-12-04 05:46:14,653] {logging_mixin.py:109} INFO - Running <TaskInstance: data_ingestion_gcs_dag.bigquery_external_table_task scheduled__2022-12-03T00:00:00+00:00 [running]> on host f96e892f1d4c
[2022-12-04 05:46:14,734] {taskinstance.py:1426} INFO - Exporting the following env vars:
AIRFLOW_CTX_DAG_OWNER=***
AIRFLOW_CTX_DAG_ID=data_ingestion_gcs_dag
AIRFLOW_CTX_TASK_ID=bigquery_external_table_task
AIRFLOW_CTX_EXECUTION_DATE=2022-12-03T00:00:00+00:00
AIRFLOW_CTX_DAG_RUN_ID=scheduled__2022-12-03T00:00:00+00:00
[2022-12-04 05:46:14,737] {crypto.py:82} WARNING - empty cryptography key - values will not be stored encrypted.
[2022-12-04 05:46:15,417] {taskinstance.py:1277} INFO - Marking task as SUCCESS. dag_id=data_ingestion_gcs_dag, task_id=bigquery_external_table_task, execution_date=20221203T000000, start_date=20221204T054614, end_date=20221204T054615
[2022-12-04 05:46:15,474] {local_task_job.py:154} INFO - Task exited with return code 0
[2022-12-04 05:46:15,526] {local_task_job.py:264} INFO - 0 downstream tasks scheduled from follow-on schedule check
[2022-12-04 05:53:44,165] {taskinstance.py:1032} INFO - Dependencies all met for <TaskInstance: data_ingestion_gcs_dag.bigquery_external_table_task scheduled__2022-12-03T00:00:00+00:00 [queued]>
[2022-12-04 05:53:44,192] {taskinstance.py:1032} INFO - Dependencies all met for <TaskInstance: data_ingestion_gcs_dag.bigquery_external_table_task scheduled__2022-12-03T00:00:00+00:00 [queued]>
[2022-12-04 05:53:44,193] {taskinstance.py:1238} INFO - 
--------------------------------------------------------------------------------
[2022-12-04 05:53:44,193] {taskinstance.py:1239} INFO - Starting attempt 1 of 2
[2022-12-04 05:53:44,193] {taskinstance.py:1240} INFO - 
--------------------------------------------------------------------------------
[2022-12-04 05:53:44,220] {taskinstance.py:1259} INFO - Executing <Task(BigQueryCreateExternalTableOperator): bigquery_external_table_task> on 2022-12-03 00:00:00+00:00
[2022-12-04 05:53:44,231] {standard_task_runner.py:52} INFO - Started process 3416 to run task
[2022-12-04 05:53:44,238] {standard_task_runner.py:76} INFO - Running: ['***', 'tasks', 'run', 'data_ingestion_gcs_dag', 'bigquery_external_table_task', 'scheduled__2022-12-03T00:00:00+00:00', '--job-id', '244', '--raw', '--subdir', 'DAGS_FOLDER/data_ingestion_gcs_dag.py', '--cfg-path', '/tmp/tmpokx9jgdo', '--error-file', '/tmp/tmpf59ounpy']
[2022-12-04 05:53:44,240] {standard_task_runner.py:77} INFO - Job 244: Subtask bigquery_external_table_task
[2022-12-04 05:53:44,337] {logging_mixin.py:109} INFO - Running <TaskInstance: data_ingestion_gcs_dag.bigquery_external_table_task scheduled__2022-12-03T00:00:00+00:00 [running]> on host f96e892f1d4c
[2022-12-04 05:53:44,436] {taskinstance.py:1426} INFO - Exporting the following env vars:
AIRFLOW_CTX_DAG_OWNER=***
AIRFLOW_CTX_DAG_ID=data_ingestion_gcs_dag
AIRFLOW_CTX_TASK_ID=bigquery_external_table_task
AIRFLOW_CTX_EXECUTION_DATE=2022-12-03T00:00:00+00:00
AIRFLOW_CTX_DAG_RUN_ID=scheduled__2022-12-03T00:00:00+00:00
[2022-12-04 05:53:44,438] {crypto.py:82} WARNING - empty cryptography key - values will not be stored encrypted.
[2022-12-04 05:53:44,992] {taskinstance.py:1277} INFO - Marking task as SUCCESS. dag_id=data_ingestion_gcs_dag, task_id=bigquery_external_table_task, execution_date=20221203T000000, start_date=20221204T055344, end_date=20221204T055344
[2022-12-04 05:53:45,050] {local_task_job.py:154} INFO - Task exited with return code 0
[2022-12-04 05:53:45,115] {local_task_job.py:264} INFO - 0 downstream tasks scheduled from follow-on schedule check
[2022-12-04 05:57:46,613] {taskinstance.py:1032} INFO - Dependencies all met for <TaskInstance: data_ingestion_gcs_dag.bigquery_external_table_task scheduled__2022-12-03T00:00:00+00:00 [queued]>
[2022-12-04 05:57:46,710] {taskinstance.py:1032} INFO - Dependencies all met for <TaskInstance: data_ingestion_gcs_dag.bigquery_external_table_task scheduled__2022-12-03T00:00:00+00:00 [queued]>
[2022-12-04 05:57:46,711] {taskinstance.py:1238} INFO - 
--------------------------------------------------------------------------------
[2022-12-04 05:57:46,711] {taskinstance.py:1239} INFO - Starting attempt 1 of 2
[2022-12-04 05:57:46,711] {taskinstance.py:1240} INFO - 
--------------------------------------------------------------------------------
[2022-12-04 05:57:46,756] {taskinstance.py:1259} INFO - Executing <Task(BigQueryCreateExternalTableOperator): bigquery_external_table_task> on 2022-12-03 00:00:00+00:00
[2022-12-04 05:57:46,765] {standard_task_runner.py:52} INFO - Started process 3577 to run task
[2022-12-04 05:57:46,781] {standard_task_runner.py:76} INFO - Running: ['***', 'tasks', 'run', 'data_ingestion_gcs_dag', 'bigquery_external_table_task', 'scheduled__2022-12-03T00:00:00+00:00', '--job-id', '254', '--raw', '--subdir', 'DAGS_FOLDER/data_ingestion_gcs_dag.py', '--cfg-path', '/tmp/tmp5l9fajks', '--error-file', '/tmp/tmp1ylww6tb']
[2022-12-04 05:57:46,783] {standard_task_runner.py:77} INFO - Job 254: Subtask bigquery_external_table_task
[2022-12-04 05:57:46,934] {logging_mixin.py:109} INFO - Running <TaskInstance: data_ingestion_gcs_dag.bigquery_external_table_task scheduled__2022-12-03T00:00:00+00:00 [running]> on host f96e892f1d4c
[2022-12-04 05:57:47,073] {taskinstance.py:1426} INFO - Exporting the following env vars:
AIRFLOW_CTX_DAG_OWNER=***
AIRFLOW_CTX_DAG_ID=data_ingestion_gcs_dag
AIRFLOW_CTX_TASK_ID=bigquery_external_table_task
AIRFLOW_CTX_EXECUTION_DATE=2022-12-03T00:00:00+00:00
AIRFLOW_CTX_DAG_RUN_ID=scheduled__2022-12-03T00:00:00+00:00
[2022-12-04 05:57:47,075] {crypto.py:82} WARNING - empty cryptography key - values will not be stored encrypted.
[2022-12-04 05:57:47,766] {taskinstance.py:1277} INFO - Marking task as SUCCESS. dag_id=data_ingestion_gcs_dag, task_id=bigquery_external_table_task, execution_date=20221203T000000, start_date=20221204T055746, end_date=20221204T055747
[2022-12-04 05:57:47,840] {local_task_job.py:154} INFO - Task exited with return code 0
[2022-12-04 05:57:47,918] {local_task_job.py:264} INFO - 0 downstream tasks scheduled from follow-on schedule check
