[2022-12-04 05:30:54,015] {taskinstance.py:1032} INFO - Dependencies all met for <TaskInstance: data_ingestion_gcs_dag.json_to_csv_task manual__2022-12-04T05:30:28.892888+00:00 [queued]>
[2022-12-04 05:30:54,063] {taskinstance.py:1032} INFO - Dependencies all met for <TaskInstance: data_ingestion_gcs_dag.json_to_csv_task manual__2022-12-04T05:30:28.892888+00:00 [queued]>
[2022-12-04 05:30:54,063] {taskinstance.py:1238} INFO - 
--------------------------------------------------------------------------------
[2022-12-04 05:30:54,063] {taskinstance.py:1239} INFO - Starting attempt 1 of 2
[2022-12-04 05:30:54,064] {taskinstance.py:1240} INFO - 
--------------------------------------------------------------------------------
[2022-12-04 05:30:54,110] {taskinstance.py:1259} INFO - Executing <Task(PythonOperator): json_to_csv_task> on 2022-12-04 05:30:28.892888+00:00
[2022-12-04 05:30:54,125] {standard_task_runner.py:52} INFO - Started process 2617 to run task
[2022-12-04 05:30:54,136] {standard_task_runner.py:76} INFO - Running: ['***', 'tasks', 'run', 'data_ingestion_gcs_dag', 'json_to_csv_task', 'manual__2022-12-04T05:30:28.892888+00:00', '--job-id', '222', '--raw', '--subdir', 'DAGS_FOLDER/data_ingestion_gcs_dag.py', '--cfg-path', '/tmp/tmps8rh58js', '--error-file', '/tmp/tmppsomoh0o']
[2022-12-04 05:30:54,137] {standard_task_runner.py:77} INFO - Job 222: Subtask json_to_csv_task
[2022-12-04 05:30:54,323] {logging_mixin.py:109} INFO - Running <TaskInstance: data_ingestion_gcs_dag.json_to_csv_task manual__2022-12-04T05:30:28.892888+00:00 [running]> on host f96e892f1d4c
[2022-12-04 05:30:54,509] {taskinstance.py:1426} INFO - Exporting the following env vars:
AIRFLOW_CTX_DAG_OWNER=***
AIRFLOW_CTX_DAG_ID=data_ingestion_gcs_dag
AIRFLOW_CTX_TASK_ID=json_to_csv_task
AIRFLOW_CTX_EXECUTION_DATE=2022-12-04T05:30:28.892888+00:00
AIRFLOW_CTX_DAG_RUN_ID=manual__2022-12-04T05:30:28.892888+00:00
[2022-12-04 05:30:54,532] {python.py:175} INFO - Done. Returned value was: None
[2022-12-04 05:30:54,649] {taskinstance.py:1277} INFO - Marking task as SUCCESS. dag_id=data_ingestion_gcs_dag, task_id=json_to_csv_task, execution_date=20221204T053028, start_date=20221204T053054, end_date=20221204T053054
[2022-12-04 05:30:54,736] {local_task_job.py:154} INFO - Task exited with return code 0
[2022-12-04 05:30:54,870] {local_task_job.py:264} INFO - 1 downstream tasks scheduled from follow-on schedule check
