[2022-12-04 05:53:49,985] {taskinstance.py:1032} INFO - Dependencies all met for <TaskInstance: data_ingestion_gcs_dag.json_to_csv_task manual__2022-12-04T05:53:26.144546+00:00 [queued]>
[2022-12-04 05:53:50,006] {taskinstance.py:1032} INFO - Dependencies all met for <TaskInstance: data_ingestion_gcs_dag.json_to_csv_task manual__2022-12-04T05:53:26.144546+00:00 [queued]>
[2022-12-04 05:53:50,007] {taskinstance.py:1238} INFO - 
--------------------------------------------------------------------------------
[2022-12-04 05:53:50,007] {taskinstance.py:1239} INFO - Starting attempt 1 of 2
[2022-12-04 05:53:50,007] {taskinstance.py:1240} INFO - 
--------------------------------------------------------------------------------
[2022-12-04 05:53:50,031] {taskinstance.py:1259} INFO - Executing <Task(PythonOperator): json_to_csv_task> on 2022-12-04 05:53:26.144546+00:00
[2022-12-04 05:53:50,039] {standard_task_runner.py:52} INFO - Started process 3429 to run task
[2022-12-04 05:53:50,046] {standard_task_runner.py:76} INFO - Running: ['***', 'tasks', 'run', 'data_ingestion_gcs_dag', 'json_to_csv_task', 'manual__2022-12-04T05:53:26.144546+00:00', '--job-id', '246', '--raw', '--subdir', 'DAGS_FOLDER/data_ingestion_gcs_dag.py', '--cfg-path', '/tmp/tmpjqbu9u2g', '--error-file', '/tmp/tmpc47jixc_']
[2022-12-04 05:53:50,047] {standard_task_runner.py:77} INFO - Job 246: Subtask json_to_csv_task
[2022-12-04 05:53:50,193] {logging_mixin.py:109} INFO - Running <TaskInstance: data_ingestion_gcs_dag.json_to_csv_task manual__2022-12-04T05:53:26.144546+00:00 [running]> on host f96e892f1d4c
[2022-12-04 05:53:50,341] {taskinstance.py:1426} INFO - Exporting the following env vars:
AIRFLOW_CTX_DAG_OWNER=***
AIRFLOW_CTX_DAG_ID=data_ingestion_gcs_dag
AIRFLOW_CTX_TASK_ID=json_to_csv_task
AIRFLOW_CTX_EXECUTION_DATE=2022-12-04T05:53:26.144546+00:00
AIRFLOW_CTX_DAG_RUN_ID=manual__2022-12-04T05:53:26.144546+00:00
[2022-12-04 05:53:50,352] {python.py:175} INFO - Done. Returned value was: None
[2022-12-04 05:53:50,374] {taskinstance.py:1277} INFO - Marking task as SUCCESS. dag_id=data_ingestion_gcs_dag, task_id=json_to_csv_task, execution_date=20221204T055326, start_date=20221204T055349, end_date=20221204T055350
[2022-12-04 05:53:50,424] {local_task_job.py:154} INFO - Task exited with return code 0
[2022-12-04 05:53:50,508] {local_task_job.py:264} INFO - 1 downstream tasks scheduled from follow-on schedule check
