[2022-12-04 05:31:02,643] {taskinstance.py:1032} INFO - Dependencies all met for <TaskInstance: data_ingestion_gcs_dag.bigquery_external_table_task manual__2022-12-04T05:30:28.892888+00:00 [queued]>
[2022-12-04 05:31:02,663] {taskinstance.py:1032} INFO - Dependencies all met for <TaskInstance: data_ingestion_gcs_dag.bigquery_external_table_task manual__2022-12-04T05:30:28.892888+00:00 [queued]>
[2022-12-04 05:31:02,663] {taskinstance.py:1238} INFO - 
--------------------------------------------------------------------------------
[2022-12-04 05:31:02,663] {taskinstance.py:1239} INFO - Starting attempt 1 of 2
[2022-12-04 05:31:02,663] {taskinstance.py:1240} INFO - 
--------------------------------------------------------------------------------
[2022-12-04 05:31:02,687] {taskinstance.py:1259} INFO - Executing <Task(BigQueryCreateExternalTableOperator): bigquery_external_table_task> on 2022-12-04 05:30:28.892888+00:00
[2022-12-04 05:31:02,697] {standard_task_runner.py:52} INFO - Started process 2629 to run task
[2022-12-04 05:31:02,702] {standard_task_runner.py:76} INFO - Running: ['***', 'tasks', 'run', 'data_ingestion_gcs_dag', 'bigquery_external_table_task', 'manual__2022-12-04T05:30:28.892888+00:00', '--job-id', '225', '--raw', '--subdir', 'DAGS_FOLDER/data_ingestion_gcs_dag.py', '--cfg-path', '/tmp/tmpxc7havde', '--error-file', '/tmp/tmp9pnp2pax']
[2022-12-04 05:31:02,703] {standard_task_runner.py:77} INFO - Job 225: Subtask bigquery_external_table_task
[2022-12-04 05:31:02,799] {logging_mixin.py:109} INFO - Running <TaskInstance: data_ingestion_gcs_dag.bigquery_external_table_task manual__2022-12-04T05:30:28.892888+00:00 [running]> on host f96e892f1d4c
[2022-12-04 05:31:02,908] {taskinstance.py:1426} INFO - Exporting the following env vars:
AIRFLOW_CTX_DAG_OWNER=***
AIRFLOW_CTX_DAG_ID=data_ingestion_gcs_dag
AIRFLOW_CTX_TASK_ID=bigquery_external_table_task
AIRFLOW_CTX_EXECUTION_DATE=2022-12-04T05:30:28.892888+00:00
AIRFLOW_CTX_DAG_RUN_ID=manual__2022-12-04T05:30:28.892888+00:00
[2022-12-04 05:31:02,911] {crypto.py:82} WARNING - empty cryptography key - values will not be stored encrypted.
[2022-12-04 05:31:03,551] {taskinstance.py:1277} INFO - Marking task as SUCCESS. dag_id=data_ingestion_gcs_dag, task_id=bigquery_external_table_task, execution_date=20221204T053028, start_date=20221204T053102, end_date=20221204T053103
[2022-12-04 05:31:03,652] {local_task_job.py:154} INFO - Task exited with return code 0
[2022-12-04 05:31:03,738] {local_task_job.py:264} INFO - 0 downstream tasks scheduled from follow-on schedule check
