[2022-12-04 05:46:30,571] {taskinstance.py:1032} INFO - Dependencies all met for <TaskInstance: data_ingestion_gcs_dag.local_to_gcs_task manual__2022-12-04T05:45:55.792480+00:00 [queued]>
[2022-12-04 05:46:30,589] {taskinstance.py:1032} INFO - Dependencies all met for <TaskInstance: data_ingestion_gcs_dag.local_to_gcs_task manual__2022-12-04T05:45:55.792480+00:00 [queued]>
[2022-12-04 05:46:30,589] {taskinstance.py:1238} INFO - 
--------------------------------------------------------------------------------
[2022-12-04 05:46:30,590] {taskinstance.py:1239} INFO - Starting attempt 1 of 2
[2022-12-04 05:46:30,590] {taskinstance.py:1240} INFO - 
--------------------------------------------------------------------------------
[2022-12-04 05:46:30,612] {taskinstance.py:1259} INFO - Executing <Task(PythonOperator): local_to_gcs_task> on 2022-12-04 05:45:55.792480+00:00
[2022-12-04 05:46:30,622] {standard_task_runner.py:52} INFO - Started process 3167 to run task
[2022-12-04 05:46:30,630] {standard_task_runner.py:76} INFO - Running: ['***', 'tasks', 'run', 'data_ingestion_gcs_dag', 'local_to_gcs_task', 'manual__2022-12-04T05:45:55.792480+00:00', '--job-id', '238', '--raw', '--subdir', 'DAGS_FOLDER/data_ingestion_gcs_dag.py', '--cfg-path', '/tmp/tmpdxj0fsir', '--error-file', '/tmp/tmpl6ewqd41']
[2022-12-04 05:46:30,632] {standard_task_runner.py:77} INFO - Job 238: Subtask local_to_gcs_task
[2022-12-04 05:46:30,719] {logging_mixin.py:109} INFO - Running <TaskInstance: data_ingestion_gcs_dag.local_to_gcs_task manual__2022-12-04T05:45:55.792480+00:00 [running]> on host f96e892f1d4c
[2022-12-04 05:46:30,829] {taskinstance.py:1426} INFO - Exporting the following env vars:
AIRFLOW_CTX_DAG_OWNER=***
AIRFLOW_CTX_DAG_ID=data_ingestion_gcs_dag
AIRFLOW_CTX_TASK_ID=local_to_gcs_task
AIRFLOW_CTX_EXECUTION_DATE=2022-12-04T05:45:55.792480+00:00
AIRFLOW_CTX_DAG_RUN_ID=manual__2022-12-04T05:45:55.792480+00:00
[2022-12-04 05:46:31,202] {python.py:175} INFO - Done. Returned value was: None
[2022-12-04 05:46:31,228] {taskinstance.py:1277} INFO - Marking task as SUCCESS. dag_id=data_ingestion_gcs_dag, task_id=local_to_gcs_task, execution_date=20221204T054555, start_date=20221204T054630, end_date=20221204T054631
[2022-12-04 05:46:31,281] {local_task_job.py:154} INFO - Task exited with return code 0
[2022-12-04 05:46:31,348] {local_task_job.py:264} INFO - 1 downstream tasks scheduled from follow-on schedule check
