[2022-12-04 05:46:18,381] {taskinstance.py:1032} INFO - Dependencies all met for <TaskInstance: data_ingestion_gcs_dag.download_dataset_task manual__2022-12-04T05:45:55.792480+00:00 [queued]>
[2022-12-04 05:46:18,406] {taskinstance.py:1032} INFO - Dependencies all met for <TaskInstance: data_ingestion_gcs_dag.download_dataset_task manual__2022-12-04T05:45:55.792480+00:00 [queued]>
[2022-12-04 05:46:18,406] {taskinstance.py:1238} INFO - 
--------------------------------------------------------------------------------
[2022-12-04 05:46:18,406] {taskinstance.py:1239} INFO - Starting attempt 1 of 2
[2022-12-04 05:46:18,406] {taskinstance.py:1240} INFO - 
--------------------------------------------------------------------------------
[2022-12-04 05:46:18,438] {taskinstance.py:1259} INFO - Executing <Task(PythonOperator): download_dataset_task> on 2022-12-04 05:45:55.792480+00:00
[2022-12-04 05:46:18,461] {standard_task_runner.py:76} INFO - Running: ['***', 'tasks', 'run', 'data_ingestion_gcs_dag', 'download_dataset_task', 'manual__2022-12-04T05:45:55.792480+00:00', '--job-id', '235', '--raw', '--subdir', 'DAGS_FOLDER/data_ingestion_gcs_dag.py', '--cfg-path', '/tmp/tmp26ssxlg6', '--error-file', '/tmp/tmp7xlizvkg']
[2022-12-04 05:46:18,469] {standard_task_runner.py:77} INFO - Job 235: Subtask download_dataset_task
[2022-12-04 05:46:18,468] {standard_task_runner.py:52} INFO - Started process 3146 to run task
[2022-12-04 05:46:18,616] {logging_mixin.py:109} INFO - Running <TaskInstance: data_ingestion_gcs_dag.download_dataset_task manual__2022-12-04T05:45:55.792480+00:00 [running]> on host f96e892f1d4c
[2022-12-04 05:46:18,709] {taskinstance.py:1426} INFO - Exporting the following env vars:
AIRFLOW_CTX_DAG_OWNER=***
AIRFLOW_CTX_DAG_ID=data_ingestion_gcs_dag
AIRFLOW_CTX_TASK_ID=download_dataset_task
AIRFLOW_CTX_EXECUTION_DATE=2022-12-04T05:45:55.792480+00:00
AIRFLOW_CTX_DAG_RUN_ID=manual__2022-12-04T05:45:55.792480+00:00
[2022-12-04 05:46:18,785] {python.py:175} INFO - Done. Returned value was: None
[2022-12-04 05:46:18,803] {taskinstance.py:1277} INFO - Marking task as SUCCESS. dag_id=data_ingestion_gcs_dag, task_id=download_dataset_task, execution_date=20221204T054555, start_date=20221204T054618, end_date=20221204T054618
[2022-12-04 05:46:18,847] {local_task_job.py:154} INFO - Task exited with return code 0
[2022-12-04 05:46:18,954] {local_task_job.py:264} INFO - 1 downstream tasks scheduled from follow-on schedule check
