[2022-12-04 05:57:51,172] {taskinstance.py:1032} INFO - Dependencies all met for <TaskInstance: data_ingestion_gcs_dag.download_dataset_task manual__2022-12-04T05:57:28.600546+00:00 [queued]>
[2022-12-04 05:57:51,193] {taskinstance.py:1032} INFO - Dependencies all met for <TaskInstance: data_ingestion_gcs_dag.download_dataset_task manual__2022-12-04T05:57:28.600546+00:00 [queued]>
[2022-12-04 05:57:51,193] {taskinstance.py:1238} INFO - 
--------------------------------------------------------------------------------
[2022-12-04 05:57:51,193] {taskinstance.py:1239} INFO - Starting attempt 1 of 2
[2022-12-04 05:57:51,193] {taskinstance.py:1240} INFO - 
--------------------------------------------------------------------------------
[2022-12-04 05:57:51,218] {taskinstance.py:1259} INFO - Executing <Task(PythonOperator): download_dataset_task> on 2022-12-04 05:57:28.600546+00:00
[2022-12-04 05:57:51,226] {standard_task_runner.py:52} INFO - Started process 3580 to run task
[2022-12-04 05:57:51,232] {standard_task_runner.py:76} INFO - Running: ['***', 'tasks', 'run', 'data_ingestion_gcs_dag', 'download_dataset_task', 'manual__2022-12-04T05:57:28.600546+00:00', '--job-id', '255', '--raw', '--subdir', 'DAGS_FOLDER/data_ingestion_gcs_dag.py', '--cfg-path', '/tmp/tmpyz1442zv', '--error-file', '/tmp/tmpd68oy5tj']
[2022-12-04 05:57:51,233] {standard_task_runner.py:77} INFO - Job 255: Subtask download_dataset_task
[2022-12-04 05:57:51,311] {logging_mixin.py:109} INFO - Running <TaskInstance: data_ingestion_gcs_dag.download_dataset_task manual__2022-12-04T05:57:28.600546+00:00 [running]> on host f96e892f1d4c
[2022-12-04 05:57:51,393] {taskinstance.py:1426} INFO - Exporting the following env vars:
AIRFLOW_CTX_DAG_OWNER=***
AIRFLOW_CTX_DAG_ID=data_ingestion_gcs_dag
AIRFLOW_CTX_TASK_ID=download_dataset_task
AIRFLOW_CTX_EXECUTION_DATE=2022-12-04T05:57:28.600546+00:00
AIRFLOW_CTX_DAG_RUN_ID=manual__2022-12-04T05:57:28.600546+00:00
[2022-12-04 05:57:51,460] {python.py:175} INFO - Done. Returned value was: None
[2022-12-04 05:57:51,475] {taskinstance.py:1277} INFO - Marking task as SUCCESS. dag_id=data_ingestion_gcs_dag, task_id=download_dataset_task, execution_date=20221204T055728, start_date=20221204T055751, end_date=20221204T055751
[2022-12-04 05:57:51,522] {local_task_job.py:154} INFO - Task exited with return code 0
[2022-12-04 05:57:51,582] {local_task_job.py:264} INFO - 1 downstream tasks scheduled from follow-on schedule check
