[2022-12-04 05:53:48,232] {taskinstance.py:1032} INFO - Dependencies all met for <TaskInstance: data_ingestion_gcs_dag.download_dataset_task manual__2022-12-04T05:53:26.144546+00:00 [queued]>
[2022-12-04 05:53:48,248] {taskinstance.py:1032} INFO - Dependencies all met for <TaskInstance: data_ingestion_gcs_dag.download_dataset_task manual__2022-12-04T05:53:26.144546+00:00 [queued]>
[2022-12-04 05:53:48,248] {taskinstance.py:1238} INFO - 
--------------------------------------------------------------------------------
[2022-12-04 05:53:48,248] {taskinstance.py:1239} INFO - Starting attempt 1 of 2
[2022-12-04 05:53:48,248] {taskinstance.py:1240} INFO - 
--------------------------------------------------------------------------------
[2022-12-04 05:53:48,271] {taskinstance.py:1259} INFO - Executing <Task(PythonOperator): download_dataset_task> on 2022-12-04 05:53:26.144546+00:00
[2022-12-04 05:53:48,278] {standard_task_runner.py:52} INFO - Started process 3419 to run task
[2022-12-04 05:53:48,283] {standard_task_runner.py:76} INFO - Running: ['***', 'tasks', 'run', 'data_ingestion_gcs_dag', 'download_dataset_task', 'manual__2022-12-04T05:53:26.144546+00:00', '--job-id', '245', '--raw', '--subdir', 'DAGS_FOLDER/data_ingestion_gcs_dag.py', '--cfg-path', '/tmp/tmpr5kouohe', '--error-file', '/tmp/tmp67crjc51']
[2022-12-04 05:53:48,289] {standard_task_runner.py:77} INFO - Job 245: Subtask download_dataset_task
[2022-12-04 05:53:48,364] {logging_mixin.py:109} INFO - Running <TaskInstance: data_ingestion_gcs_dag.download_dataset_task manual__2022-12-04T05:53:26.144546+00:00 [running]> on host f96e892f1d4c
[2022-12-04 05:53:48,474] {taskinstance.py:1426} INFO - Exporting the following env vars:
AIRFLOW_CTX_DAG_OWNER=***
AIRFLOW_CTX_DAG_ID=data_ingestion_gcs_dag
AIRFLOW_CTX_TASK_ID=download_dataset_task
AIRFLOW_CTX_EXECUTION_DATE=2022-12-04T05:53:26.144546+00:00
AIRFLOW_CTX_DAG_RUN_ID=manual__2022-12-04T05:53:26.144546+00:00
[2022-12-04 05:53:48,538] {python.py:175} INFO - Done. Returned value was: None
[2022-12-04 05:53:48,555] {taskinstance.py:1277} INFO - Marking task as SUCCESS. dag_id=data_ingestion_gcs_dag, task_id=download_dataset_task, execution_date=20221204T055326, start_date=20221204T055348, end_date=20221204T055348
[2022-12-04 05:53:48,587] {local_task_job.py:154} INFO - Task exited with return code 0
[2022-12-04 05:53:48,645] {local_task_job.py:264} INFO - 1 downstream tasks scheduled from follow-on schedule check
