[2022-12-04 05:53:59,024] {taskinstance.py:1032} INFO - Dependencies all met for <TaskInstance: data_ingestion_gcs_dag.local_to_gcs_task manual__2022-12-04T05:53:26.144546+00:00 [queued]>
[2022-12-04 05:53:59,083] {taskinstance.py:1032} INFO - Dependencies all met for <TaskInstance: data_ingestion_gcs_dag.local_to_gcs_task manual__2022-12-04T05:53:26.144546+00:00 [queued]>
[2022-12-04 05:53:59,083] {taskinstance.py:1238} INFO - 
--------------------------------------------------------------------------------
[2022-12-04 05:53:59,083] {taskinstance.py:1239} INFO - Starting attempt 1 of 2
[2022-12-04 05:53:59,083] {taskinstance.py:1240} INFO - 
--------------------------------------------------------------------------------
[2022-12-04 05:53:59,125] {taskinstance.py:1259} INFO - Executing <Task(PythonOperator): local_to_gcs_task> on 2022-12-04 05:53:26.144546+00:00
[2022-12-04 05:53:59,142] {standard_task_runner.py:52} INFO - Started process 3440 to run task
[2022-12-04 05:53:59,148] {standard_task_runner.py:76} INFO - Running: ['***', 'tasks', 'run', 'data_ingestion_gcs_dag', 'local_to_gcs_task', 'manual__2022-12-04T05:53:26.144546+00:00', '--job-id', '248', '--raw', '--subdir', 'DAGS_FOLDER/data_ingestion_gcs_dag.py', '--cfg-path', '/tmp/tmpw4k9ades', '--error-file', '/tmp/tmpq6v539ee']
[2022-12-04 05:53:59,157] {standard_task_runner.py:77} INFO - Job 248: Subtask local_to_gcs_task
[2022-12-04 05:53:59,362] {logging_mixin.py:109} INFO - Running <TaskInstance: data_ingestion_gcs_dag.local_to_gcs_task manual__2022-12-04T05:53:26.144546+00:00 [running]> on host f96e892f1d4c
[2022-12-04 05:53:59,664] {taskinstance.py:1426} INFO - Exporting the following env vars:
AIRFLOW_CTX_DAG_OWNER=***
AIRFLOW_CTX_DAG_ID=data_ingestion_gcs_dag
AIRFLOW_CTX_TASK_ID=local_to_gcs_task
AIRFLOW_CTX_EXECUTION_DATE=2022-12-04T05:53:26.144546+00:00
AIRFLOW_CTX_DAG_RUN_ID=manual__2022-12-04T05:53:26.144546+00:00
[2022-12-04 05:54:00,197] {python.py:175} INFO - Done. Returned value was: None
[2022-12-04 05:54:00,306] {taskinstance.py:1277} INFO - Marking task as SUCCESS. dag_id=data_ingestion_gcs_dag, task_id=local_to_gcs_task, execution_date=20221204T055326, start_date=20221204T055359, end_date=20221204T055400
[2022-12-04 05:54:00,383] {local_task_job.py:154} INFO - Task exited with return code 0
[2022-12-04 05:54:00,491] {local_task_job.py:264} INFO - 1 downstream tasks scheduled from follow-on schedule check
