[2022-12-04 05:30:49,681] {taskinstance.py:1032} INFO - Dependencies all met for <TaskInstance: data_ingestion_gcs_dag.download_dataset_task manual__2022-12-04T05:30:28.892888+00:00 [queued]>
[2022-12-04 05:30:49,701] {taskinstance.py:1032} INFO - Dependencies all met for <TaskInstance: data_ingestion_gcs_dag.download_dataset_task manual__2022-12-04T05:30:28.892888+00:00 [queued]>
[2022-12-04 05:30:49,701] {taskinstance.py:1238} INFO - 
--------------------------------------------------------------------------------
[2022-12-04 05:30:49,702] {taskinstance.py:1239} INFO - Starting attempt 1 of 2
[2022-12-04 05:30:49,702] {taskinstance.py:1240} INFO - 
--------------------------------------------------------------------------------
[2022-12-04 05:30:49,732] {taskinstance.py:1259} INFO - Executing <Task(PythonOperator): download_dataset_task> on 2022-12-04 05:30:28.892888+00:00
[2022-12-04 05:30:49,762] {standard_task_runner.py:52} INFO - Started process 2614 to run task
[2022-12-04 05:30:49,798] {standard_task_runner.py:76} INFO - Running: ['***', 'tasks', 'run', 'data_ingestion_gcs_dag', 'download_dataset_task', 'manual__2022-12-04T05:30:28.892888+00:00', '--job-id', '221', '--raw', '--subdir', 'DAGS_FOLDER/data_ingestion_gcs_dag.py', '--cfg-path', '/tmp/tmpdhbf82qc', '--error-file', '/tmp/tmp1_k3qsi0']
[2022-12-04 05:30:49,800] {standard_task_runner.py:77} INFO - Job 221: Subtask download_dataset_task
[2022-12-04 05:30:50,098] {logging_mixin.py:109} INFO - Running <TaskInstance: data_ingestion_gcs_dag.download_dataset_task manual__2022-12-04T05:30:28.892888+00:00 [running]> on host f96e892f1d4c
[2022-12-04 05:30:50,334] {taskinstance.py:1426} INFO - Exporting the following env vars:
AIRFLOW_CTX_DAG_OWNER=***
AIRFLOW_CTX_DAG_ID=data_ingestion_gcs_dag
AIRFLOW_CTX_TASK_ID=download_dataset_task
AIRFLOW_CTX_EXECUTION_DATE=2022-12-04T05:30:28.892888+00:00
AIRFLOW_CTX_DAG_RUN_ID=manual__2022-12-04T05:30:28.892888+00:00
[2022-12-04 05:30:50,459] {python.py:175} INFO - Done. Returned value was: None
[2022-12-04 05:30:50,506] {taskinstance.py:1277} INFO - Marking task as SUCCESS. dag_id=data_ingestion_gcs_dag, task_id=download_dataset_task, execution_date=20221204T053028, start_date=20221204T053049, end_date=20221204T053050
[2022-12-04 05:30:50,585] {local_task_job.py:154} INFO - Task exited with return code 0
[2022-12-04 05:30:50,761] {local_task_job.py:264} INFO - 1 downstream tasks scheduled from follow-on schedule check
