[2022-12-04 05:58:00,388] {taskinstance.py:1032} INFO - Dependencies all met for <TaskInstance: data_ingestion_gcs_dag.local_to_gcs_task manual__2022-12-04T05:57:28.600546+00:00 [queued]>
[2022-12-04 05:58:00,407] {taskinstance.py:1032} INFO - Dependencies all met for <TaskInstance: data_ingestion_gcs_dag.local_to_gcs_task manual__2022-12-04T05:57:28.600546+00:00 [queued]>
[2022-12-04 05:58:00,408] {taskinstance.py:1238} INFO - 
--------------------------------------------------------------------------------
[2022-12-04 05:58:00,408] {taskinstance.py:1239} INFO - Starting attempt 1 of 2
[2022-12-04 05:58:00,408] {taskinstance.py:1240} INFO - 
--------------------------------------------------------------------------------
[2022-12-04 05:58:00,429] {taskinstance.py:1259} INFO - Executing <Task(PythonOperator): local_to_gcs_task> on 2022-12-04 05:57:28.600546+00:00
[2022-12-04 05:58:00,436] {standard_task_runner.py:52} INFO - Started process 3601 to run task
[2022-12-04 05:58:00,442] {standard_task_runner.py:76} INFO - Running: ['***', 'tasks', 'run', 'data_ingestion_gcs_dag', 'local_to_gcs_task', 'manual__2022-12-04T05:57:28.600546+00:00', '--job-id', '258', '--raw', '--subdir', 'DAGS_FOLDER/data_ingestion_gcs_dag.py', '--cfg-path', '/tmp/tmpdu5zf5es', '--error-file', '/tmp/tmpzwdgofb6']
[2022-12-04 05:58:00,443] {standard_task_runner.py:77} INFO - Job 258: Subtask local_to_gcs_task
[2022-12-04 05:58:00,525] {logging_mixin.py:109} INFO - Running <TaskInstance: data_ingestion_gcs_dag.local_to_gcs_task manual__2022-12-04T05:57:28.600546+00:00 [running]> on host f96e892f1d4c
[2022-12-04 05:58:00,617] {taskinstance.py:1426} INFO - Exporting the following env vars:
AIRFLOW_CTX_DAG_OWNER=***
AIRFLOW_CTX_DAG_ID=data_ingestion_gcs_dag
AIRFLOW_CTX_TASK_ID=local_to_gcs_task
AIRFLOW_CTX_EXECUTION_DATE=2022-12-04T05:57:28.600546+00:00
AIRFLOW_CTX_DAG_RUN_ID=manual__2022-12-04T05:57:28.600546+00:00
[2022-12-04 05:58:00,972] {python.py:175} INFO - Done. Returned value was: None
[2022-12-04 05:58:00,992] {taskinstance.py:1277} INFO - Marking task as SUCCESS. dag_id=data_ingestion_gcs_dag, task_id=local_to_gcs_task, execution_date=20221204T055728, start_date=20221204T055800, end_date=20221204T055800
[2022-12-04 05:58:01,054] {local_task_job.py:154} INFO - Task exited with return code 0
[2022-12-04 05:58:01,127] {local_task_job.py:264} INFO - 1 downstream tasks scheduled from follow-on schedule check
