[2022-12-03 17:32:39,401] {processor.py:163} INFO - Started process (PID=519) to work on /opt/airflow/dags/data_ingest_try_dag.py
[2022-12-03 17:32:39,402] {processor.py:642} INFO - Processing file /opt/airflow/dags/data_ingest_try_dag.py for tasks to queue
[2022-12-03 17:32:39,402] {logging_mixin.py:109} INFO - [2022-12-03 17:32:39,402] {dagbag.py:500} INFO - Filling up the DagBag from /opt/airflow/dags/data_ingest_try_dag.py
[2022-12-03 17:32:40,330] {processor.py:654} INFO - DAG(s) dict_keys(['data_ingestion_gcs_dag']) retrieved from /opt/airflow/dags/data_ingest_try_dag.py
[2022-12-03 17:32:40,737] {logging_mixin.py:109} INFO - [2022-12-03 17:32:40,737] {dag.py:2396} INFO - Sync 1 DAGs
[2022-12-03 17:32:40,762] {logging_mixin.py:109} INFO - [2022-12-03 17:32:40,762] {dag.py:2935} INFO - Setting next_dagrun for data_ingestion_gcs_dag to 2022-12-02 00:00:00+00:00
[2022-12-03 17:32:40,783] {processor.py:171} INFO - Processing /opt/airflow/dags/data_ingest_try_dag.py took 1.384 seconds
[2022-12-03 17:33:10,870] {processor.py:163} INFO - Started process (PID=541) to work on /opt/airflow/dags/data_ingest_try_dag.py
[2022-12-03 17:33:10,871] {processor.py:642} INFO - Processing file /opt/airflow/dags/data_ingest_try_dag.py for tasks to queue
[2022-12-03 17:33:10,871] {logging_mixin.py:109} INFO - [2022-12-03 17:33:10,871] {dagbag.py:500} INFO - Filling up the DagBag from /opt/airflow/dags/data_ingest_try_dag.py
[2022-12-03 17:33:11,663] {processor.py:654} INFO - DAG(s) dict_keys(['data_ingestion_gcs_dag']) retrieved from /opt/airflow/dags/data_ingest_try_dag.py
[2022-12-03 17:33:11,674] {logging_mixin.py:109} INFO - [2022-12-03 17:33:11,673] {dag.py:2396} INFO - Sync 1 DAGs
[2022-12-03 17:33:11,693] {logging_mixin.py:109} INFO - [2022-12-03 17:33:11,693] {dag.py:2935} INFO - Setting next_dagrun for data_ingestion_gcs_dag to 2022-12-02 00:00:00+00:00
[2022-12-03 17:33:11,708] {processor.py:171} INFO - Processing /opt/airflow/dags/data_ingest_try_dag.py took 0.841 seconds
[2022-12-03 17:33:41,817] {processor.py:163} INFO - Started process (PID=563) to work on /opt/airflow/dags/data_ingest_try_dag.py
[2022-12-03 17:33:41,819] {processor.py:642} INFO - Processing file /opt/airflow/dags/data_ingest_try_dag.py for tasks to queue
[2022-12-03 17:33:41,819] {logging_mixin.py:109} INFO - [2022-12-03 17:33:41,819] {dagbag.py:500} INFO - Filling up the DagBag from /opt/airflow/dags/data_ingest_try_dag.py
[2022-12-03 17:33:42,907] {processor.py:654} INFO - DAG(s) dict_keys(['data_ingestion_gcs_dag']) retrieved from /opt/airflow/dags/data_ingest_try_dag.py
[2022-12-03 17:33:43,361] {logging_mixin.py:109} INFO - [2022-12-03 17:33:43,361] {dag.py:2396} INFO - Sync 1 DAGs
[2022-12-03 17:33:43,443] {logging_mixin.py:109} INFO - [2022-12-03 17:33:43,443] {dag.py:2935} INFO - Setting next_dagrun for data_ingestion_gcs_dag to 2022-12-02 00:00:00+00:00
[2022-12-03 17:33:43,479] {processor.py:171} INFO - Processing /opt/airflow/dags/data_ingest_try_dag.py took 1.665 seconds
[2022-12-03 17:34:13,683] {processor.py:163} INFO - Started process (PID=596) to work on /opt/airflow/dags/data_ingest_try_dag.py
[2022-12-03 17:34:13,685] {processor.py:642} INFO - Processing file /opt/airflow/dags/data_ingest_try_dag.py for tasks to queue
[2022-12-03 17:34:13,691] {logging_mixin.py:109} INFO - [2022-12-03 17:34:13,691] {dagbag.py:500} INFO - Filling up the DagBag from /opt/airflow/dags/data_ingest_try_dag.py
[2022-12-03 17:34:16,947] {processor.py:654} INFO - DAG(s) dict_keys(['data_ingestion_gcs_dag']) retrieved from /opt/airflow/dags/data_ingest_try_dag.py
[2022-12-03 17:34:16,978] {logging_mixin.py:109} INFO - [2022-12-03 17:34:16,978] {dag.py:2396} INFO - Sync 1 DAGs
[2022-12-03 17:34:17,021] {logging_mixin.py:109} INFO - [2022-12-03 17:34:17,021] {dag.py:2935} INFO - Setting next_dagrun for data_ingestion_gcs_dag to 2022-12-02 00:00:00+00:00
[2022-12-03 17:34:17,051] {processor.py:171} INFO - Processing /opt/airflow/dags/data_ingest_try_dag.py took 3.384 seconds
[2022-12-03 17:34:47,133] {processor.py:163} INFO - Started process (PID=618) to work on /opt/airflow/dags/data_ingest_try_dag.py
[2022-12-03 17:34:47,135] {processor.py:642} INFO - Processing file /opt/airflow/dags/data_ingest_try_dag.py for tasks to queue
[2022-12-03 17:34:47,136] {logging_mixin.py:109} INFO - [2022-12-03 17:34:47,136] {dagbag.py:500} INFO - Filling up the DagBag from /opt/airflow/dags/data_ingest_try_dag.py
[2022-12-03 17:34:48,233] {processor.py:654} INFO - DAG(s) dict_keys(['data_ingestion_gcs_dag']) retrieved from /opt/airflow/dags/data_ingest_try_dag.py
[2022-12-03 17:34:48,618] {logging_mixin.py:109} INFO - [2022-12-03 17:34:48,617] {dag.py:2396} INFO - Sync 1 DAGs
[2022-12-03 17:34:48,661] {logging_mixin.py:109} INFO - [2022-12-03 17:34:48,660] {dag.py:2935} INFO - Setting next_dagrun for data_ingestion_gcs_dag to 2022-12-02 00:00:00+00:00
[2022-12-03 17:34:48,678] {processor.py:171} INFO - Processing /opt/airflow/dags/data_ingest_try_dag.py took 1.549 seconds
[2022-12-03 17:35:19,250] {processor.py:163} INFO - Started process (PID=644) to work on /opt/airflow/dags/data_ingest_try_dag.py
[2022-12-03 17:35:19,254] {processor.py:642} INFO - Processing file /opt/airflow/dags/data_ingest_try_dag.py for tasks to queue
[2022-12-03 17:35:19,255] {logging_mixin.py:109} INFO - [2022-12-03 17:35:19,255] {dagbag.py:500} INFO - Filling up the DagBag from /opt/airflow/dags/data_ingest_try_dag.py
[2022-12-03 17:35:21,399] {processor.py:654} INFO - DAG(s) dict_keys(['data_ingestion_gcs_dag']) retrieved from /opt/airflow/dags/data_ingest_try_dag.py
[2022-12-03 17:35:21,423] {logging_mixin.py:109} INFO - [2022-12-03 17:35:21,423] {dag.py:2396} INFO - Sync 1 DAGs
[2022-12-03 17:35:21,453] {logging_mixin.py:109} INFO - [2022-12-03 17:35:21,453] {dag.py:2935} INFO - Setting next_dagrun for data_ingestion_gcs_dag to 2022-12-02 00:00:00+00:00
[2022-12-03 17:35:21,472] {processor.py:171} INFO - Processing /opt/airflow/dags/data_ingest_try_dag.py took 2.225 seconds
[2022-12-03 17:35:51,609] {processor.py:163} INFO - Started process (PID=678) to work on /opt/airflow/dags/data_ingest_try_dag.py
[2022-12-03 17:35:51,611] {processor.py:642} INFO - Processing file /opt/airflow/dags/data_ingest_try_dag.py for tasks to queue
[2022-12-03 17:35:51,611] {logging_mixin.py:109} INFO - [2022-12-03 17:35:51,611] {dagbag.py:500} INFO - Filling up the DagBag from /opt/airflow/dags/data_ingest_try_dag.py
[2022-12-03 17:35:53,080] {processor.py:654} INFO - DAG(s) dict_keys(['data_ingestion_gcs_dag']) retrieved from /opt/airflow/dags/data_ingest_try_dag.py
[2022-12-03 17:35:53,403] {logging_mixin.py:109} INFO - [2022-12-03 17:35:53,403] {dag.py:2396} INFO - Sync 1 DAGs
[2022-12-03 17:35:53,433] {logging_mixin.py:109} INFO - [2022-12-03 17:35:53,433] {dag.py:2935} INFO - Setting next_dagrun for data_ingestion_gcs_dag to 2022-12-02 00:00:00+00:00
[2022-12-03 17:35:53,453] {processor.py:171} INFO - Processing /opt/airflow/dags/data_ingest_try_dag.py took 1.847 seconds
[2022-12-03 17:36:23,560] {processor.py:163} INFO - Started process (PID=702) to work on /opt/airflow/dags/data_ingest_try_dag.py
[2022-12-03 17:36:23,563] {processor.py:642} INFO - Processing file /opt/airflow/dags/data_ingest_try_dag.py for tasks to queue
[2022-12-03 17:36:23,567] {logging_mixin.py:109} INFO - [2022-12-03 17:36:23,567] {dagbag.py:500} INFO - Filling up the DagBag from /opt/airflow/dags/data_ingest_try_dag.py
[2022-12-03 17:36:26,221] {processor.py:654} INFO - DAG(s) dict_keys(['data_ingestion_gcs_dag']) retrieved from /opt/airflow/dags/data_ingest_try_dag.py
[2022-12-03 17:36:26,236] {logging_mixin.py:109} INFO - [2022-12-03 17:36:26,235] {dag.py:2396} INFO - Sync 1 DAGs
[2022-12-03 17:36:26,263] {logging_mixin.py:109} INFO - [2022-12-03 17:36:26,263] {dag.py:2935} INFO - Setting next_dagrun for data_ingestion_gcs_dag to 2022-12-02 00:00:00+00:00
[2022-12-03 17:36:26,276] {processor.py:171} INFO - Processing /opt/airflow/dags/data_ingest_try_dag.py took 2.728 seconds
[2022-12-03 17:36:56,423] {processor.py:163} INFO - Started process (PID=735) to work on /opt/airflow/dags/data_ingest_try_dag.py
[2022-12-03 17:36:56,426] {processor.py:642} INFO - Processing file /opt/airflow/dags/data_ingest_try_dag.py for tasks to queue
[2022-12-03 17:36:56,426] {logging_mixin.py:109} INFO - [2022-12-03 17:36:56,426] {dagbag.py:500} INFO - Filling up the DagBag from /opt/airflow/dags/data_ingest_try_dag.py
[2022-12-03 17:36:57,993] {processor.py:654} INFO - DAG(s) dict_keys(['data_ingestion_gcs_dag']) retrieved from /opt/airflow/dags/data_ingest_try_dag.py
[2022-12-03 17:36:58,443] {logging_mixin.py:109} INFO - [2022-12-03 17:36:58,442] {dag.py:2396} INFO - Sync 1 DAGs
[2022-12-03 17:36:58,477] {logging_mixin.py:109} INFO - [2022-12-03 17:36:58,476] {dag.py:2935} INFO - Setting next_dagrun for data_ingestion_gcs_dag to 2022-12-02 00:00:00+00:00
[2022-12-03 17:36:58,497] {processor.py:171} INFO - Processing /opt/airflow/dags/data_ingest_try_dag.py took 2.077 seconds
[2022-12-03 17:37:28,676] {processor.py:163} INFO - Started process (PID=759) to work on /opt/airflow/dags/data_ingest_try_dag.py
[2022-12-03 17:37:28,679] {processor.py:642} INFO - Processing file /opt/airflow/dags/data_ingest_try_dag.py for tasks to queue
[2022-12-03 17:37:28,679] {logging_mixin.py:109} INFO - [2022-12-03 17:37:28,679] {dagbag.py:500} INFO - Filling up the DagBag from /opt/airflow/dags/data_ingest_try_dag.py
[2022-12-03 17:37:29,647] {processor.py:654} INFO - DAG(s) dict_keys(['data_ingestion_gcs_dag']) retrieved from /opt/airflow/dags/data_ingest_try_dag.py
[2022-12-03 17:37:29,687] {logging_mixin.py:109} INFO - [2022-12-03 17:37:29,687] {dag.py:2396} INFO - Sync 1 DAGs
[2022-12-03 17:37:29,719] {logging_mixin.py:109} INFO - [2022-12-03 17:37:29,719] {dag.py:2935} INFO - Setting next_dagrun for data_ingestion_gcs_dag to 2022-12-02 00:00:00+00:00
[2022-12-03 17:37:29,752] {processor.py:171} INFO - Processing /opt/airflow/dags/data_ingest_try_dag.py took 1.079 seconds
[2022-12-03 17:37:59,892] {processor.py:163} INFO - Started process (PID=782) to work on /opt/airflow/dags/data_ingest_try_dag.py
[2022-12-03 17:37:59,893] {processor.py:642} INFO - Processing file /opt/airflow/dags/data_ingest_try_dag.py for tasks to queue
[2022-12-03 17:37:59,894] {logging_mixin.py:109} INFO - [2022-12-03 17:37:59,894] {dagbag.py:500} INFO - Filling up the DagBag from /opt/airflow/dags/data_ingest_try_dag.py
[2022-12-03 17:38:01,818] {processor.py:654} INFO - DAG(s) dict_keys(['data_ingestion_gcs_dag']) retrieved from /opt/airflow/dags/data_ingest_try_dag.py
[2022-12-03 17:38:02,467] {logging_mixin.py:109} INFO - [2022-12-03 17:38:02,467] {dag.py:2396} INFO - Sync 1 DAGs
[2022-12-03 17:38:02,520] {logging_mixin.py:109} INFO - [2022-12-03 17:38:02,519] {dag.py:2935} INFO - Setting next_dagrun for data_ingestion_gcs_dag to 2022-12-02 00:00:00+00:00
[2022-12-03 17:38:02,564] {processor.py:171} INFO - Processing /opt/airflow/dags/data_ingest_try_dag.py took 2.675 seconds
[2022-12-03 17:38:32,651] {processor.py:163} INFO - Started process (PID=816) to work on /opt/airflow/dags/data_ingest_try_dag.py
[2022-12-03 17:38:32,654] {processor.py:642} INFO - Processing file /opt/airflow/dags/data_ingest_try_dag.py for tasks to queue
[2022-12-03 17:38:32,655] {logging_mixin.py:109} INFO - [2022-12-03 17:38:32,654] {dagbag.py:500} INFO - Filling up the DagBag from /opt/airflow/dags/data_ingest_try_dag.py
[2022-12-03 17:38:34,806] {processor.py:654} INFO - DAG(s) dict_keys(['data_ingestion_gcs_dag']) retrieved from /opt/airflow/dags/data_ingest_try_dag.py
[2022-12-03 17:38:34,843] {logging_mixin.py:109} INFO - [2022-12-03 17:38:34,842] {dag.py:2396} INFO - Sync 1 DAGs
[2022-12-03 17:38:34,900] {logging_mixin.py:109} INFO - [2022-12-03 17:38:34,900] {dag.py:2935} INFO - Setting next_dagrun for data_ingestion_gcs_dag to 2022-12-02 00:00:00+00:00
[2022-12-03 17:38:34,927] {processor.py:171} INFO - Processing /opt/airflow/dags/data_ingest_try_dag.py took 2.280 seconds
[2022-12-03 17:39:05,783] {processor.py:163} INFO - Started process (PID=838) to work on /opt/airflow/dags/data_ingest_try_dag.py
[2022-12-03 17:39:05,787] {processor.py:642} INFO - Processing file /opt/airflow/dags/data_ingest_try_dag.py for tasks to queue
[2022-12-03 17:39:05,788] {logging_mixin.py:109} INFO - [2022-12-03 17:39:05,787] {dagbag.py:500} INFO - Filling up the DagBag from /opt/airflow/dags/data_ingest_try_dag.py
[2022-12-03 17:39:08,715] {processor.py:654} INFO - DAG(s) dict_keys(['data_ingestion_gcs_dag']) retrieved from /opt/airflow/dags/data_ingest_try_dag.py
[2022-12-03 17:39:09,337] {logging_mixin.py:109} INFO - [2022-12-03 17:39:09,337] {dag.py:2396} INFO - Sync 1 DAGs
[2022-12-03 17:39:09,357] {logging_mixin.py:109} INFO - [2022-12-03 17:39:09,357] {dag.py:2935} INFO - Setting next_dagrun for data_ingestion_gcs_dag to 2022-12-02 00:00:00+00:00
[2022-12-03 17:39:09,372] {processor.py:171} INFO - Processing /opt/airflow/dags/data_ingest_try_dag.py took 3.593 seconds
[2022-12-03 17:39:39,455] {processor.py:163} INFO - Started process (PID=874) to work on /opt/airflow/dags/data_ingest_try_dag.py
[2022-12-03 17:39:39,456] {processor.py:642} INFO - Processing file /opt/airflow/dags/data_ingest_try_dag.py for tasks to queue
[2022-12-03 17:39:39,456] {logging_mixin.py:109} INFO - [2022-12-03 17:39:39,456] {dagbag.py:500} INFO - Filling up the DagBag from /opt/airflow/dags/data_ingest_try_dag.py
[2022-12-03 17:39:40,711] {processor.py:654} INFO - DAG(s) dict_keys(['data_ingestion_gcs_dag']) retrieved from /opt/airflow/dags/data_ingest_try_dag.py
[2022-12-03 17:39:40,741] {logging_mixin.py:109} INFO - [2022-12-03 17:39:40,740] {dag.py:2396} INFO - Sync 1 DAGs
[2022-12-03 17:39:40,802] {logging_mixin.py:109} INFO - [2022-12-03 17:39:40,802] {dag.py:2935} INFO - Setting next_dagrun for data_ingestion_gcs_dag to 2022-12-02 00:00:00+00:00
[2022-12-03 17:39:40,823] {processor.py:171} INFO - Processing /opt/airflow/dags/data_ingest_try_dag.py took 1.372 seconds
[2022-12-03 17:40:10,982] {processor.py:163} INFO - Started process (PID=896) to work on /opt/airflow/dags/data_ingest_try_dag.py
[2022-12-03 17:40:10,983] {processor.py:642} INFO - Processing file /opt/airflow/dags/data_ingest_try_dag.py for tasks to queue
[2022-12-03 17:40:10,984] {logging_mixin.py:109} INFO - [2022-12-03 17:40:10,984] {dagbag.py:500} INFO - Filling up the DagBag from /opt/airflow/dags/data_ingest_try_dag.py
[2022-12-03 17:40:12,595] {processor.py:654} INFO - DAG(s) dict_keys(['data_ingestion_gcs_dag']) retrieved from /opt/airflow/dags/data_ingest_try_dag.py
[2022-12-03 17:40:12,957] {logging_mixin.py:109} INFO - [2022-12-03 17:40:12,957] {dag.py:2396} INFO - Sync 1 DAGs
[2022-12-03 17:40:12,986] {logging_mixin.py:109} INFO - [2022-12-03 17:40:12,985] {dag.py:2935} INFO - Setting next_dagrun for data_ingestion_gcs_dag to 2022-12-02 00:00:00+00:00
[2022-12-03 17:40:13,007] {processor.py:171} INFO - Processing /opt/airflow/dags/data_ingest_try_dag.py took 2.035 seconds
[2022-12-03 17:40:43,104] {processor.py:163} INFO - Started process (PID=931) to work on /opt/airflow/dags/data_ingest_try_dag.py
[2022-12-03 17:40:43,106] {processor.py:642} INFO - Processing file /opt/airflow/dags/data_ingest_try_dag.py for tasks to queue
[2022-12-03 17:40:43,108] {logging_mixin.py:109} INFO - [2022-12-03 17:40:43,108] {dagbag.py:500} INFO - Filling up the DagBag from /opt/airflow/dags/data_ingest_try_dag.py
[2022-12-03 17:40:44,462] {processor.py:654} INFO - DAG(s) dict_keys(['data_ingestion_gcs_dag']) retrieved from /opt/airflow/dags/data_ingest_try_dag.py
[2022-12-03 17:40:44,499] {logging_mixin.py:109} INFO - [2022-12-03 17:40:44,499] {dag.py:2396} INFO - Sync 1 DAGs
[2022-12-03 17:40:44,568] {logging_mixin.py:109} INFO - [2022-12-03 17:40:44,568] {dag.py:2935} INFO - Setting next_dagrun for data_ingestion_gcs_dag to 2022-12-02 00:00:00+00:00
[2022-12-03 17:40:44,592] {processor.py:171} INFO - Processing /opt/airflow/dags/data_ingest_try_dag.py took 1.497 seconds
[2022-12-03 17:41:15,241] {processor.py:163} INFO - Started process (PID=955) to work on /opt/airflow/dags/data_ingest_try_dag.py
[2022-12-03 17:41:15,242] {processor.py:642} INFO - Processing file /opt/airflow/dags/data_ingest_try_dag.py for tasks to queue
[2022-12-03 17:41:15,242] {logging_mixin.py:109} INFO - [2022-12-03 17:41:15,242] {dagbag.py:500} INFO - Filling up the DagBag from /opt/airflow/dags/data_ingest_try_dag.py
[2022-12-03 17:41:16,671] {processor.py:654} INFO - DAG(s) dict_keys(['data_ingestion_gcs_dag']) retrieved from /opt/airflow/dags/data_ingest_try_dag.py
[2022-12-03 17:41:16,908] {logging_mixin.py:109} INFO - [2022-12-03 17:41:16,907] {dag.py:2396} INFO - Sync 1 DAGs
[2022-12-03 17:41:16,931] {logging_mixin.py:109} INFO - [2022-12-03 17:41:16,931] {dag.py:2935} INFO - Setting next_dagrun for data_ingestion_gcs_dag to 2022-12-02 00:00:00+00:00
[2022-12-03 17:41:16,948] {processor.py:171} INFO - Processing /opt/airflow/dags/data_ingest_try_dag.py took 1.709 seconds
[2022-12-03 17:41:47,072] {processor.py:163} INFO - Started process (PID=980) to work on /opt/airflow/dags/data_ingest_try_dag.py
[2022-12-03 17:41:47,074] {processor.py:642} INFO - Processing file /opt/airflow/dags/data_ingest_try_dag.py for tasks to queue
[2022-12-03 17:41:47,075] {logging_mixin.py:109} INFO - [2022-12-03 17:41:47,075] {dagbag.py:500} INFO - Filling up the DagBag from /opt/airflow/dags/data_ingest_try_dag.py
[2022-12-03 17:41:52,233] {processor.py:654} INFO - DAG(s) dict_keys(['data_ingestion_gcs_dag']) retrieved from /opt/airflow/dags/data_ingest_try_dag.py
[2022-12-03 17:41:52,239] {logging_mixin.py:109} INFO - [2022-12-03 17:41:52,238] {dag.py:2396} INFO - Sync 1 DAGs
[2022-12-03 17:41:52,263] {logging_mixin.py:109} INFO - [2022-12-03 17:41:52,263] {dag.py:2935} INFO - Setting next_dagrun for data_ingestion_gcs_dag to 2022-12-02 00:00:00+00:00
[2022-12-03 17:41:52,276] {processor.py:171} INFO - Processing /opt/airflow/dags/data_ingest_try_dag.py took 5.226 seconds
[2022-12-03 17:42:22,385] {processor.py:163} INFO - Started process (PID=1013) to work on /opt/airflow/dags/data_ingest_try_dag.py
[2022-12-03 17:42:22,395] {processor.py:642} INFO - Processing file /opt/airflow/dags/data_ingest_try_dag.py for tasks to queue
[2022-12-03 17:42:22,395] {logging_mixin.py:109} INFO - [2022-12-03 17:42:22,395] {dagbag.py:500} INFO - Filling up the DagBag from /opt/airflow/dags/data_ingest_try_dag.py
[2022-12-03 17:42:23,935] {processor.py:654} INFO - DAG(s) dict_keys(['data_ingestion_gcs_dag']) retrieved from /opt/airflow/dags/data_ingest_try_dag.py
[2022-12-03 17:42:24,244] {logging_mixin.py:109} INFO - [2022-12-03 17:42:24,244] {dag.py:2396} INFO - Sync 1 DAGs
[2022-12-03 17:42:24,284] {logging_mixin.py:109} INFO - [2022-12-03 17:42:24,284] {dag.py:2935} INFO - Setting next_dagrun for data_ingestion_gcs_dag to 2022-12-02 00:00:00+00:00
[2022-12-03 17:42:24,299] {processor.py:171} INFO - Processing /opt/airflow/dags/data_ingest_try_dag.py took 1.917 seconds
[2022-12-03 17:42:54,514] {processor.py:163} INFO - Started process (PID=1037) to work on /opt/airflow/dags/data_ingest_try_dag.py
[2022-12-03 17:42:54,515] {processor.py:642} INFO - Processing file /opt/airflow/dags/data_ingest_try_dag.py for tasks to queue
[2022-12-03 17:42:54,515] {logging_mixin.py:109} INFO - [2022-12-03 17:42:54,515] {dagbag.py:500} INFO - Filling up the DagBag from /opt/airflow/dags/data_ingest_try_dag.py
[2022-12-03 17:42:55,671] {processor.py:654} INFO - DAG(s) dict_keys(['data_ingestion_gcs_dag']) retrieved from /opt/airflow/dags/data_ingest_try_dag.py
[2022-12-03 17:42:55,682] {logging_mixin.py:109} INFO - [2022-12-03 17:42:55,682] {dag.py:2396} INFO - Sync 1 DAGs
[2022-12-03 17:42:55,701] {logging_mixin.py:109} INFO - [2022-12-03 17:42:55,701] {dag.py:2935} INFO - Setting next_dagrun for data_ingestion_gcs_dag to 2022-12-02 00:00:00+00:00
[2022-12-03 17:42:55,712] {processor.py:171} INFO - Processing /opt/airflow/dags/data_ingest_try_dag.py took 1.200 seconds
[2022-12-03 17:43:25,873] {processor.py:163} INFO - Started process (PID=1060) to work on /opt/airflow/dags/data_ingest_try_dag.py
[2022-12-03 17:43:25,875] {processor.py:642} INFO - Processing file /opt/airflow/dags/data_ingest_try_dag.py for tasks to queue
[2022-12-03 17:43:25,879] {logging_mixin.py:109} INFO - [2022-12-03 17:43:25,878] {dagbag.py:500} INFO - Filling up the DagBag from /opt/airflow/dags/data_ingest_try_dag.py
[2022-12-03 17:43:27,455] {processor.py:654} INFO - DAG(s) dict_keys(['data_ingestion_gcs_dag']) retrieved from /opt/airflow/dags/data_ingest_try_dag.py
[2022-12-03 17:43:27,855] {logging_mixin.py:109} INFO - [2022-12-03 17:43:27,854] {dag.py:2396} INFO - Sync 1 DAGs
[2022-12-03 17:43:27,888] {logging_mixin.py:109} INFO - [2022-12-03 17:43:27,888] {dag.py:2935} INFO - Setting next_dagrun for data_ingestion_gcs_dag to 2022-12-02 00:00:00+00:00
[2022-12-03 17:43:27,905] {processor.py:171} INFO - Processing /opt/airflow/dags/data_ingest_try_dag.py took 2.051 seconds
[2022-12-03 17:43:58,021] {processor.py:163} INFO - Started process (PID=1094) to work on /opt/airflow/dags/data_ingest_try_dag.py
[2022-12-03 17:43:58,025] {processor.py:642} INFO - Processing file /opt/airflow/dags/data_ingest_try_dag.py for tasks to queue
[2022-12-03 17:43:58,026] {logging_mixin.py:109} INFO - [2022-12-03 17:43:58,026] {dagbag.py:500} INFO - Filling up the DagBag from /opt/airflow/dags/data_ingest_try_dag.py
[2022-12-03 17:44:00,815] {processor.py:654} INFO - DAG(s) dict_keys(['data_ingestion_gcs_dag']) retrieved from /opt/airflow/dags/data_ingest_try_dag.py
[2022-12-03 17:44:00,836] {logging_mixin.py:109} INFO - [2022-12-03 17:44:00,836] {dag.py:2396} INFO - Sync 1 DAGs
[2022-12-03 17:44:00,917] {logging_mixin.py:109} INFO - [2022-12-03 17:44:00,917] {dag.py:2935} INFO - Setting next_dagrun for data_ingestion_gcs_dag to 2022-12-02 00:00:00+00:00
[2022-12-03 17:44:00,934] {processor.py:171} INFO - Processing /opt/airflow/dags/data_ingest_try_dag.py took 2.915 seconds
[2022-12-03 17:44:31,025] {processor.py:163} INFO - Started process (PID=1117) to work on /opt/airflow/dags/data_ingest_try_dag.py
[2022-12-03 17:44:31,026] {processor.py:642} INFO - Processing file /opt/airflow/dags/data_ingest_try_dag.py for tasks to queue
[2022-12-03 17:44:31,027] {logging_mixin.py:109} INFO - [2022-12-03 17:44:31,026] {dagbag.py:500} INFO - Filling up the DagBag from /opt/airflow/dags/data_ingest_try_dag.py
[2022-12-03 17:44:32,358] {processor.py:654} INFO - DAG(s) dict_keys(['data_ingestion_gcs_dag']) retrieved from /opt/airflow/dags/data_ingest_try_dag.py
[2022-12-03 17:44:32,781] {logging_mixin.py:109} INFO - [2022-12-03 17:44:32,780] {dag.py:2396} INFO - Sync 1 DAGs
[2022-12-03 17:44:32,796] {logging_mixin.py:109} INFO - [2022-12-03 17:44:32,795] {dag.py:2935} INFO - Setting next_dagrun for data_ingestion_gcs_dag to 2022-12-02 00:00:00+00:00
[2022-12-03 17:44:32,830] {processor.py:171} INFO - Processing /opt/airflow/dags/data_ingest_try_dag.py took 1.809 seconds
[2022-12-03 17:45:02,960] {processor.py:163} INFO - Started process (PID=1150) to work on /opt/airflow/dags/data_ingest_try_dag.py
[2022-12-03 17:45:02,963] {processor.py:642} INFO - Processing file /opt/airflow/dags/data_ingest_try_dag.py for tasks to queue
[2022-12-03 17:45:02,964] {logging_mixin.py:109} INFO - [2022-12-03 17:45:02,964] {dagbag.py:500} INFO - Filling up the DagBag from /opt/airflow/dags/data_ingest_try_dag.py
[2022-12-03 17:45:04,496] {processor.py:654} INFO - DAG(s) dict_keys(['data_ingestion_gcs_dag']) retrieved from /opt/airflow/dags/data_ingest_try_dag.py
[2022-12-03 17:45:04,507] {logging_mixin.py:109} INFO - [2022-12-03 17:45:04,506] {dag.py:2396} INFO - Sync 1 DAGs
[2022-12-03 17:45:04,526] {logging_mixin.py:109} INFO - [2022-12-03 17:45:04,525] {dag.py:2935} INFO - Setting next_dagrun for data_ingestion_gcs_dag to 2022-12-02 00:00:00+00:00
[2022-12-03 17:45:04,536] {processor.py:171} INFO - Processing /opt/airflow/dags/data_ingest_try_dag.py took 1.579 seconds
[2022-12-03 17:45:34,677] {processor.py:163} INFO - Started process (PID=1173) to work on /opt/airflow/dags/data_ingest_try_dag.py
[2022-12-03 17:45:34,679] {processor.py:642} INFO - Processing file /opt/airflow/dags/data_ingest_try_dag.py for tasks to queue
[2022-12-03 17:45:34,680] {logging_mixin.py:109} INFO - [2022-12-03 17:45:34,680] {dagbag.py:500} INFO - Filling up the DagBag from /opt/airflow/dags/data_ingest_try_dag.py
[2022-12-03 17:45:35,952] {processor.py:654} INFO - DAG(s) dict_keys(['data_ingestion_gcs_dag']) retrieved from /opt/airflow/dags/data_ingest_try_dag.py
[2022-12-03 17:45:36,187] {logging_mixin.py:109} INFO - [2022-12-03 17:45:36,187] {dag.py:2396} INFO - Sync 1 DAGs
[2022-12-03 17:45:36,202] {logging_mixin.py:109} INFO - [2022-12-03 17:45:36,202] {dag.py:2935} INFO - Setting next_dagrun for data_ingestion_gcs_dag to 2022-12-02 00:00:00+00:00
[2022-12-03 17:45:36,216] {processor.py:171} INFO - Processing /opt/airflow/dags/data_ingest_try_dag.py took 1.542 seconds
[2022-12-03 17:46:06,312] {processor.py:163} INFO - Started process (PID=1197) to work on /opt/airflow/dags/data_ingest_try_dag.py
[2022-12-03 17:46:06,322] {processor.py:642} INFO - Processing file /opt/airflow/dags/data_ingest_try_dag.py for tasks to queue
[2022-12-03 17:46:06,323] {logging_mixin.py:109} INFO - [2022-12-03 17:46:06,323] {dagbag.py:500} INFO - Filling up the DagBag from /opt/airflow/dags/data_ingest_try_dag.py
[2022-12-03 17:46:09,779] {processor.py:654} INFO - DAG(s) dict_keys(['data_ingestion_gcs_dag']) retrieved from /opt/airflow/dags/data_ingest_try_dag.py
[2022-12-03 17:46:09,821] {logging_mixin.py:109} INFO - [2022-12-03 17:46:09,820] {dag.py:2396} INFO - Sync 1 DAGs
[2022-12-03 17:46:09,898] {logging_mixin.py:109} INFO - [2022-12-03 17:46:09,886] {dag.py:2935} INFO - Setting next_dagrun for data_ingestion_gcs_dag to 2022-12-02 00:00:00+00:00
[2022-12-03 17:46:09,926] {processor.py:171} INFO - Processing /opt/airflow/dags/data_ingest_try_dag.py took 3.617 seconds
[2022-12-03 17:46:40,457] {processor.py:163} INFO - Started process (PID=1226) to work on /opt/airflow/dags/data_ingest_try_dag.py
[2022-12-03 17:46:40,461] {processor.py:642} INFO - Processing file /opt/airflow/dags/data_ingest_try_dag.py for tasks to queue
[2022-12-03 17:46:40,462] {logging_mixin.py:109} INFO - [2022-12-03 17:46:40,461] {dagbag.py:500} INFO - Filling up the DagBag from /opt/airflow/dags/data_ingest_try_dag.py
[2022-12-03 17:46:41,559] {processor.py:654} INFO - DAG(s) dict_keys(['data_ingestion_gcs_dag']) retrieved from /opt/airflow/dags/data_ingest_try_dag.py
[2022-12-03 17:46:41,814] {logging_mixin.py:109} INFO - [2022-12-03 17:46:41,813] {dag.py:2396} INFO - Sync 1 DAGs
[2022-12-03 17:46:41,844] {logging_mixin.py:109} INFO - [2022-12-03 17:46:41,844] {dag.py:2935} INFO - Setting next_dagrun for data_ingestion_gcs_dag to 2022-12-02 00:00:00+00:00
[2022-12-03 17:46:41,864] {processor.py:171} INFO - Processing /opt/airflow/dags/data_ingest_try_dag.py took 1.409 seconds
[2022-12-03 17:47:12,019] {processor.py:163} INFO - Started process (PID=1249) to work on /opt/airflow/dags/data_ingest_try_dag.py
[2022-12-03 17:47:12,024] {processor.py:642} INFO - Processing file /opt/airflow/dags/data_ingest_try_dag.py for tasks to queue
[2022-12-03 17:47:12,025] {logging_mixin.py:109} INFO - [2022-12-03 17:47:12,025] {dagbag.py:500} INFO - Filling up the DagBag from /opt/airflow/dags/data_ingest_try_dag.py
[2022-12-03 17:47:14,891] {processor.py:654} INFO - DAG(s) dict_keys(['data_ingestion_gcs_dag']) retrieved from /opt/airflow/dags/data_ingest_try_dag.py
[2022-12-03 17:47:14,979] {logging_mixin.py:109} INFO - [2022-12-03 17:47:14,978] {dag.py:2396} INFO - Sync 1 DAGs
[2022-12-03 17:47:15,146] {logging_mixin.py:109} INFO - [2022-12-03 17:47:15,145] {dag.py:2935} INFO - Setting next_dagrun for data_ingestion_gcs_dag to 2022-12-02 00:00:00+00:00
[2022-12-03 17:47:15,207] {processor.py:171} INFO - Processing /opt/airflow/dags/data_ingest_try_dag.py took 3.195 seconds
[2022-12-03 17:47:45,474] {processor.py:163} INFO - Started process (PID=1280) to work on /opt/airflow/dags/data_ingest_try_dag.py
[2022-12-03 17:47:45,482] {processor.py:642} INFO - Processing file /opt/airflow/dags/data_ingest_try_dag.py for tasks to queue
[2022-12-03 17:47:45,491] {logging_mixin.py:109} INFO - [2022-12-03 17:47:45,491] {dagbag.py:500} INFO - Filling up the DagBag from /opt/airflow/dags/data_ingest_try_dag.py
[2022-12-03 17:47:49,679] {processor.py:654} INFO - DAG(s) dict_keys(['data_ingestion_gcs_dag']) retrieved from /opt/airflow/dags/data_ingest_try_dag.py
[2022-12-03 17:47:50,214] {logging_mixin.py:109} INFO - [2022-12-03 17:47:50,210] {dag.py:2396} INFO - Sync 1 DAGs
[2022-12-03 17:47:50,247] {logging_mixin.py:109} INFO - [2022-12-03 17:47:50,247] {dag.py:2935} INFO - Setting next_dagrun for data_ingestion_gcs_dag to 2022-12-02 00:00:00+00:00
[2022-12-03 17:47:50,282] {processor.py:171} INFO - Processing /opt/airflow/dags/data_ingest_try_dag.py took 4.812 seconds
[2022-12-03 17:48:20,360] {processor.py:163} INFO - Started process (PID=1305) to work on /opt/airflow/dags/data_ingest_try_dag.py
[2022-12-03 17:48:20,361] {processor.py:642} INFO - Processing file /opt/airflow/dags/data_ingest_try_dag.py for tasks to queue
[2022-12-03 17:48:20,362] {logging_mixin.py:109} INFO - [2022-12-03 17:48:20,362] {dagbag.py:500} INFO - Filling up the DagBag from /opt/airflow/dags/data_ingest_try_dag.py
[2022-12-03 17:48:21,633] {processor.py:654} INFO - DAG(s) dict_keys(['data_ingestion_gcs_dag']) retrieved from /opt/airflow/dags/data_ingest_try_dag.py
[2022-12-03 17:48:21,649] {logging_mixin.py:109} INFO - [2022-12-03 17:48:21,648] {dag.py:2396} INFO - Sync 1 DAGs
[2022-12-03 17:48:21,677] {logging_mixin.py:109} INFO - [2022-12-03 17:48:21,677] {dag.py:2935} INFO - Setting next_dagrun for data_ingestion_gcs_dag to 2022-12-02 00:00:00+00:00
[2022-12-03 17:48:21,690] {processor.py:171} INFO - Processing /opt/airflow/dags/data_ingest_try_dag.py took 1.333 seconds
[2022-12-03 17:48:51,839] {processor.py:163} INFO - Started process (PID=1328) to work on /opt/airflow/dags/data_ingest_try_dag.py
[2022-12-03 17:48:51,843] {processor.py:642} INFO - Processing file /opt/airflow/dags/data_ingest_try_dag.py for tasks to queue
[2022-12-03 17:48:51,843] {logging_mixin.py:109} INFO - [2022-12-03 17:48:51,843] {dagbag.py:500} INFO - Filling up the DagBag from /opt/airflow/dags/data_ingest_try_dag.py
[2022-12-03 17:48:53,147] {processor.py:654} INFO - DAG(s) dict_keys(['data_ingestion_gcs_dag']) retrieved from /opt/airflow/dags/data_ingest_try_dag.py
[2022-12-03 17:48:53,317] {logging_mixin.py:109} INFO - [2022-12-03 17:48:53,317] {dag.py:2396} INFO - Sync 1 DAGs
[2022-12-03 17:48:53,332] {logging_mixin.py:109} INFO - [2022-12-03 17:48:53,332] {dag.py:2935} INFO - Setting next_dagrun for data_ingestion_gcs_dag to 2022-12-02 00:00:00+00:00
[2022-12-03 17:48:53,344] {processor.py:171} INFO - Processing /opt/airflow/dags/data_ingest_try_dag.py took 1.507 seconds
[2022-12-03 17:49:23,430] {processor.py:163} INFO - Started process (PID=1354) to work on /opt/airflow/dags/data_ingest_try_dag.py
[2022-12-03 17:49:23,432] {processor.py:642} INFO - Processing file /opt/airflow/dags/data_ingest_try_dag.py for tasks to queue
[2022-12-03 17:49:23,433] {logging_mixin.py:109} INFO - [2022-12-03 17:49:23,432] {dagbag.py:500} INFO - Filling up the DagBag from /opt/airflow/dags/data_ingest_try_dag.py
[2022-12-03 17:49:24,639] {processor.py:654} INFO - DAG(s) dict_keys(['data_ingestion_gcs_dag']) retrieved from /opt/airflow/dags/data_ingest_try_dag.py
[2022-12-03 17:49:24,642] {logging_mixin.py:109} INFO - [2022-12-03 17:49:24,642] {dag.py:2396} INFO - Sync 1 DAGs
[2022-12-03 17:49:24,657] {logging_mixin.py:109} INFO - [2022-12-03 17:49:24,657] {dag.py:2935} INFO - Setting next_dagrun for data_ingestion_gcs_dag to 2022-12-02 00:00:00+00:00
[2022-12-03 17:49:24,666] {processor.py:171} INFO - Processing /opt/airflow/dags/data_ingest_try_dag.py took 1.239 seconds
[2022-12-03 17:49:54,757] {processor.py:163} INFO - Started process (PID=1380) to work on /opt/airflow/dags/data_ingest_try_dag.py
[2022-12-03 17:49:54,768] {processor.py:642} INFO - Processing file /opt/airflow/dags/data_ingest_try_dag.py for tasks to queue
[2022-12-03 17:49:54,768] {logging_mixin.py:109} INFO - [2022-12-03 17:49:54,768] {dagbag.py:500} INFO - Filling up the DagBag from /opt/airflow/dags/data_ingest_try_dag.py
[2022-12-03 17:49:56,781] {processor.py:654} INFO - DAG(s) dict_keys(['data_ingestion_gcs_dag']) retrieved from /opt/airflow/dags/data_ingest_try_dag.py
[2022-12-03 17:49:57,081] {logging_mixin.py:109} INFO - [2022-12-03 17:49:57,081] {dag.py:2396} INFO - Sync 1 DAGs
[2022-12-03 17:49:57,103] {logging_mixin.py:109} INFO - [2022-12-03 17:49:57,102] {dag.py:2935} INFO - Setting next_dagrun for data_ingestion_gcs_dag to 2022-12-02 00:00:00+00:00
[2022-12-03 17:49:57,115] {processor.py:171} INFO - Processing /opt/airflow/dags/data_ingest_try_dag.py took 2.361 seconds
[2022-12-03 17:50:27,209] {processor.py:163} INFO - Started process (PID=1414) to work on /opt/airflow/dags/data_ingest_try_dag.py
[2022-12-03 17:50:27,215] {processor.py:642} INFO - Processing file /opt/airflow/dags/data_ingest_try_dag.py for tasks to queue
[2022-12-03 17:50:27,216] {logging_mixin.py:109} INFO - [2022-12-03 17:50:27,216] {dagbag.py:500} INFO - Filling up the DagBag from /opt/airflow/dags/data_ingest_try_dag.py
[2022-12-03 17:50:29,402] {processor.py:654} INFO - DAG(s) dict_keys(['data_ingestion_gcs_dag']) retrieved from /opt/airflow/dags/data_ingest_try_dag.py
[2022-12-03 17:50:29,406] {logging_mixin.py:109} INFO - [2022-12-03 17:50:29,406] {dag.py:2396} INFO - Sync 1 DAGs
[2022-12-03 17:50:29,435] {logging_mixin.py:109} INFO - [2022-12-03 17:50:29,434] {dag.py:2935} INFO - Setting next_dagrun for data_ingestion_gcs_dag to 2022-12-02 00:00:00+00:00
[2022-12-03 17:50:29,448] {processor.py:171} INFO - Processing /opt/airflow/dags/data_ingest_try_dag.py took 2.242 seconds
[2022-12-03 17:50:59,546] {processor.py:163} INFO - Started process (PID=1437) to work on /opt/airflow/dags/data_ingest_try_dag.py
[2022-12-03 17:50:59,556] {processor.py:642} INFO - Processing file /opt/airflow/dags/data_ingest_try_dag.py for tasks to queue
[2022-12-03 17:50:59,563] {logging_mixin.py:109} INFO - [2022-12-03 17:50:59,563] {dagbag.py:500} INFO - Filling up the DagBag from /opt/airflow/dags/data_ingest_try_dag.py
[2022-12-03 17:51:01,758] {processor.py:654} INFO - DAG(s) dict_keys(['data_ingestion_gcs_dag']) retrieved from /opt/airflow/dags/data_ingest_try_dag.py
[2022-12-03 17:51:02,190] {logging_mixin.py:109} INFO - [2022-12-03 17:51:02,189] {dag.py:2396} INFO - Sync 1 DAGs
[2022-12-03 17:51:02,221] {logging_mixin.py:109} INFO - [2022-12-03 17:51:02,221] {dag.py:2935} INFO - Setting next_dagrun for data_ingestion_gcs_dag to 2022-12-02 00:00:00+00:00
[2022-12-03 17:51:02,240] {processor.py:171} INFO - Processing /opt/airflow/dags/data_ingest_try_dag.py took 2.698 seconds
[2022-12-03 17:51:32,333] {processor.py:163} INFO - Started process (PID=1473) to work on /opt/airflow/dags/data_ingest_try_dag.py
[2022-12-03 17:51:32,337] {processor.py:642} INFO - Processing file /opt/airflow/dags/data_ingest_try_dag.py for tasks to queue
[2022-12-03 17:51:32,338] {logging_mixin.py:109} INFO - [2022-12-03 17:51:32,338] {dagbag.py:500} INFO - Filling up the DagBag from /opt/airflow/dags/data_ingest_try_dag.py
[2022-12-03 17:51:34,236] {processor.py:654} INFO - DAG(s) dict_keys(['data_ingestion_gcs_dag']) retrieved from /opt/airflow/dags/data_ingest_try_dag.py
[2022-12-03 17:51:34,245] {logging_mixin.py:109} INFO - [2022-12-03 17:51:34,244] {dag.py:2396} INFO - Sync 1 DAGs
[2022-12-03 17:51:34,283] {logging_mixin.py:109} INFO - [2022-12-03 17:51:34,283] {dag.py:2935} INFO - Setting next_dagrun for data_ingestion_gcs_dag to 2022-12-02 00:00:00+00:00
[2022-12-03 17:51:34,294] {processor.py:171} INFO - Processing /opt/airflow/dags/data_ingest_try_dag.py took 1.964 seconds
[2022-12-03 17:52:04,435] {processor.py:163} INFO - Started process (PID=1497) to work on /opt/airflow/dags/data_ingest_try_dag.py
[2022-12-03 17:52:04,437] {processor.py:642} INFO - Processing file /opt/airflow/dags/data_ingest_try_dag.py for tasks to queue
[2022-12-03 17:52:04,438] {logging_mixin.py:109} INFO - [2022-12-03 17:52:04,437] {dagbag.py:500} INFO - Filling up the DagBag from /opt/airflow/dags/data_ingest_try_dag.py
[2022-12-03 17:52:05,995] {processor.py:654} INFO - DAG(s) dict_keys(['data_ingestion_gcs_dag']) retrieved from /opt/airflow/dags/data_ingest_try_dag.py
[2022-12-03 17:52:06,368] {logging_mixin.py:109} INFO - [2022-12-03 17:52:06,367] {dag.py:2396} INFO - Sync 1 DAGs
[2022-12-03 17:52:06,398] {logging_mixin.py:109} INFO - [2022-12-03 17:52:06,398] {dag.py:2935} INFO - Setting next_dagrun for data_ingestion_gcs_dag to 2022-12-02 00:00:00+00:00
[2022-12-03 17:52:06,417] {processor.py:171} INFO - Processing /opt/airflow/dags/data_ingest_try_dag.py took 1.985 seconds
[2022-12-03 17:52:36,641] {processor.py:163} INFO - Started process (PID=1521) to work on /opt/airflow/dags/data_ingest_try_dag.py
[2022-12-03 17:52:36,642] {processor.py:642} INFO - Processing file /opt/airflow/dags/data_ingest_try_dag.py for tasks to queue
[2022-12-03 17:52:36,643] {logging_mixin.py:109} INFO - [2022-12-03 17:52:36,643] {dagbag.py:500} INFO - Filling up the DagBag from /opt/airflow/dags/data_ingest_try_dag.py
[2022-12-03 17:52:39,215] {processor.py:654} INFO - DAG(s) dict_keys(['data_ingestion_gcs_dag']) retrieved from /opt/airflow/dags/data_ingest_try_dag.py
[2022-12-03 17:52:39,220] {logging_mixin.py:109} INFO - [2022-12-03 17:52:39,220] {dag.py:2396} INFO - Sync 1 DAGs
[2022-12-03 17:52:39,289] {logging_mixin.py:109} INFO - [2022-12-03 17:52:39,289] {dag.py:2935} INFO - Setting next_dagrun for data_ingestion_gcs_dag to 2022-12-02 00:00:00+00:00
[2022-12-03 17:52:39,339] {processor.py:171} INFO - Processing /opt/airflow/dags/data_ingest_try_dag.py took 2.706 seconds
[2022-12-03 17:53:09,440] {processor.py:163} INFO - Started process (PID=1554) to work on /opt/airflow/dags/data_ingest_try_dag.py
[2022-12-03 17:53:09,452] {processor.py:642} INFO - Processing file /opt/airflow/dags/data_ingest_try_dag.py for tasks to queue
[2022-12-03 17:53:09,452] {logging_mixin.py:109} INFO - [2022-12-03 17:53:09,452] {dagbag.py:500} INFO - Filling up the DagBag from /opt/airflow/dags/data_ingest_try_dag.py
[2022-12-03 17:53:10,473] {processor.py:654} INFO - DAG(s) dict_keys(['data_ingestion_gcs_dag']) retrieved from /opt/airflow/dags/data_ingest_try_dag.py
[2022-12-03 17:53:10,778] {logging_mixin.py:109} INFO - [2022-12-03 17:53:10,777] {dag.py:2396} INFO - Sync 1 DAGs
[2022-12-03 17:53:10,800] {logging_mixin.py:109} INFO - [2022-12-03 17:53:10,799] {dag.py:2935} INFO - Setting next_dagrun for data_ingestion_gcs_dag to 2022-12-02 00:00:00+00:00
[2022-12-03 17:53:10,813] {processor.py:171} INFO - Processing /opt/airflow/dags/data_ingest_try_dag.py took 1.376 seconds
[2022-12-03 17:53:40,899] {processor.py:163} INFO - Started process (PID=1579) to work on /opt/airflow/dags/data_ingest_try_dag.py
[2022-12-03 17:53:40,903] {processor.py:642} INFO - Processing file /opt/airflow/dags/data_ingest_try_dag.py for tasks to queue
[2022-12-03 17:53:40,903] {logging_mixin.py:109} INFO - [2022-12-03 17:53:40,903] {dagbag.py:500} INFO - Filling up the DagBag from /opt/airflow/dags/data_ingest_try_dag.py
[2022-12-03 17:53:42,391] {processor.py:654} INFO - DAG(s) dict_keys(['data_ingestion_gcs_dag']) retrieved from /opt/airflow/dags/data_ingest_try_dag.py
[2022-12-03 17:53:42,396] {logging_mixin.py:109} INFO - [2022-12-03 17:53:42,395] {dag.py:2396} INFO - Sync 1 DAGs
[2022-12-03 17:53:42,420] {logging_mixin.py:109} INFO - [2022-12-03 17:53:42,420] {dag.py:2935} INFO - Setting next_dagrun for data_ingestion_gcs_dag to 2022-12-02 00:00:00+00:00
[2022-12-03 17:53:42,435] {processor.py:171} INFO - Processing /opt/airflow/dags/data_ingest_try_dag.py took 1.538 seconds
[2022-12-03 17:54:12,605] {processor.py:163} INFO - Started process (PID=1602) to work on /opt/airflow/dags/data_ingest_try_dag.py
[2022-12-03 17:54:12,615] {processor.py:642} INFO - Processing file /opt/airflow/dags/data_ingest_try_dag.py for tasks to queue
[2022-12-03 17:54:12,616] {logging_mixin.py:109} INFO - [2022-12-03 17:54:12,616] {dagbag.py:500} INFO - Filling up the DagBag from /opt/airflow/dags/data_ingest_try_dag.py
[2022-12-03 17:54:13,891] {processor.py:654} INFO - DAG(s) dict_keys(['data_ingestion_gcs_dag']) retrieved from /opt/airflow/dags/data_ingest_try_dag.py
[2022-12-03 17:54:14,271] {logging_mixin.py:109} INFO - [2022-12-03 17:54:14,270] {dag.py:2396} INFO - Sync 1 DAGs
[2022-12-03 17:54:14,316] {logging_mixin.py:109} INFO - [2022-12-03 17:54:14,315] {dag.py:2935} INFO - Setting next_dagrun for data_ingestion_gcs_dag to 2022-12-02 00:00:00+00:00
[2022-12-03 17:54:14,351] {processor.py:171} INFO - Processing /opt/airflow/dags/data_ingest_try_dag.py took 1.750 seconds
[2022-12-03 17:54:44,398] {processor.py:163} INFO - Started process (PID=1634) to work on /opt/airflow/dags/data_ingest_try_dag.py
[2022-12-03 17:54:44,401] {processor.py:642} INFO - Processing file /opt/airflow/dags/data_ingest_try_dag.py for tasks to queue
[2022-12-03 17:54:44,402] {logging_mixin.py:109} INFO - [2022-12-03 17:54:44,401] {dagbag.py:500} INFO - Filling up the DagBag from /opt/airflow/dags/data_ingest_try_dag.py
[2022-12-03 17:54:46,440] {processor.py:654} INFO - DAG(s) dict_keys(['data_ingestion_gcs_dag']) retrieved from /opt/airflow/dags/data_ingest_try_dag.py
[2022-12-03 17:54:46,463] {logging_mixin.py:109} INFO - [2022-12-03 17:54:46,463] {dag.py:2396} INFO - Sync 1 DAGs
[2022-12-03 17:54:46,489] {logging_mixin.py:109} INFO - [2022-12-03 17:54:46,489] {dag.py:2935} INFO - Setting next_dagrun for data_ingestion_gcs_dag to 2022-12-02 00:00:00+00:00
[2022-12-03 17:54:46,510] {processor.py:171} INFO - Processing /opt/airflow/dags/data_ingest_try_dag.py took 2.115 seconds
[2022-12-03 17:55:16,667] {processor.py:163} INFO - Started process (PID=1657) to work on /opt/airflow/dags/data_ingest_try_dag.py
[2022-12-03 17:55:16,669] {processor.py:642} INFO - Processing file /opt/airflow/dags/data_ingest_try_dag.py for tasks to queue
[2022-12-03 17:55:16,670] {logging_mixin.py:109} INFO - [2022-12-03 17:55:16,670] {dagbag.py:500} INFO - Filling up the DagBag from /opt/airflow/dags/data_ingest_try_dag.py
[2022-12-03 17:55:19,716] {processor.py:654} INFO - DAG(s) dict_keys(['data_ingestion_gcs_dag']) retrieved from /opt/airflow/dags/data_ingest_try_dag.py
[2022-12-03 17:55:19,973] {logging_mixin.py:109} INFO - [2022-12-03 17:55:19,973] {dag.py:2396} INFO - Sync 1 DAGs
[2022-12-03 17:55:19,991] {logging_mixin.py:109} INFO - [2022-12-03 17:55:19,991] {dag.py:2935} INFO - Setting next_dagrun for data_ingestion_gcs_dag to 2022-12-02 00:00:00+00:00
[2022-12-03 17:55:20,012] {processor.py:171} INFO - Processing /opt/airflow/dags/data_ingest_try_dag.py took 3.349 seconds
[2022-12-03 17:55:50,177] {processor.py:163} INFO - Started process (PID=1690) to work on /opt/airflow/dags/data_ingest_try_dag.py
[2022-12-03 17:55:50,178] {processor.py:642} INFO - Processing file /opt/airflow/dags/data_ingest_try_dag.py for tasks to queue
[2022-12-03 17:55:50,178] {logging_mixin.py:109} INFO - [2022-12-03 17:55:50,178] {dagbag.py:500} INFO - Filling up the DagBag from /opt/airflow/dags/data_ingest_try_dag.py
[2022-12-03 17:55:51,693] {processor.py:654} INFO - DAG(s) dict_keys(['data_ingestion_gcs_dag']) retrieved from /opt/airflow/dags/data_ingest_try_dag.py
[2022-12-03 17:55:51,719] {logging_mixin.py:109} INFO - [2022-12-03 17:55:51,719] {dag.py:2396} INFO - Sync 1 DAGs
[2022-12-03 17:55:51,775] {logging_mixin.py:109} INFO - [2022-12-03 17:55:51,775] {dag.py:2935} INFO - Setting next_dagrun for data_ingestion_gcs_dag to 2022-12-02 00:00:00+00:00
[2022-12-03 17:55:51,828] {processor.py:171} INFO - Processing /opt/airflow/dags/data_ingest_try_dag.py took 1.654 seconds
[2022-12-03 17:56:22,271] {processor.py:163} INFO - Started process (PID=1714) to work on /opt/airflow/dags/data_ingest_try_dag.py
[2022-12-03 17:56:22,274] {processor.py:642} INFO - Processing file /opt/airflow/dags/data_ingest_try_dag.py for tasks to queue
[2022-12-03 17:56:22,274] {logging_mixin.py:109} INFO - [2022-12-03 17:56:22,274] {dagbag.py:500} INFO - Filling up the DagBag from /opt/airflow/dags/data_ingest_try_dag.py
[2022-12-03 17:56:23,797] {processor.py:654} INFO - DAG(s) dict_keys(['data_ingestion_gcs_dag']) retrieved from /opt/airflow/dags/data_ingest_try_dag.py
[2022-12-03 17:56:24,687] {logging_mixin.py:109} INFO - [2022-12-03 17:56:24,687] {dag.py:2396} INFO - Sync 1 DAGs
[2022-12-03 17:56:24,734] {logging_mixin.py:109} INFO - [2022-12-03 17:56:24,734] {dag.py:2935} INFO - Setting next_dagrun for data_ingestion_gcs_dag to 2022-12-02 00:00:00+00:00
[2022-12-03 17:56:24,778] {processor.py:171} INFO - Processing /opt/airflow/dags/data_ingest_try_dag.py took 2.509 seconds
[2022-12-03 17:56:55,145] {processor.py:163} INFO - Started process (PID=1747) to work on /opt/airflow/dags/data_ingest_try_dag.py
[2022-12-03 17:56:55,155] {processor.py:642} INFO - Processing file /opt/airflow/dags/data_ingest_try_dag.py for tasks to queue
[2022-12-03 17:56:55,156] {logging_mixin.py:109} INFO - [2022-12-03 17:56:55,156] {dagbag.py:500} INFO - Filling up the DagBag from /opt/airflow/dags/data_ingest_try_dag.py
[2022-12-03 17:56:58,314] {processor.py:654} INFO - DAG(s) dict_keys(['data_ingestion_gcs_dag']) retrieved from /opt/airflow/dags/data_ingest_try_dag.py
[2022-12-03 17:56:58,335] {logging_mixin.py:109} INFO - [2022-12-03 17:56:58,334] {dag.py:2396} INFO - Sync 1 DAGs
[2022-12-03 17:56:58,378] {logging_mixin.py:109} INFO - [2022-12-03 17:56:58,378] {dag.py:2935} INFO - Setting next_dagrun for data_ingestion_gcs_dag to 2022-12-02 00:00:00+00:00
[2022-12-03 17:56:58,395] {processor.py:171} INFO - Processing /opt/airflow/dags/data_ingest_try_dag.py took 3.265 seconds
[2022-12-03 17:57:28,526] {processor.py:163} INFO - Started process (PID=1771) to work on /opt/airflow/dags/data_ingest_try_dag.py
[2022-12-03 17:57:28,529] {processor.py:642} INFO - Processing file /opt/airflow/dags/data_ingest_try_dag.py for tasks to queue
[2022-12-03 17:57:28,530] {logging_mixin.py:109} INFO - [2022-12-03 17:57:28,530] {dagbag.py:500} INFO - Filling up the DagBag from /opt/airflow/dags/data_ingest_try_dag.py
[2022-12-03 17:57:29,561] {processor.py:654} INFO - DAG(s) dict_keys(['data_ingestion_gcs_dag']) retrieved from /opt/airflow/dags/data_ingest_try_dag.py
[2022-12-03 17:57:29,884] {logging_mixin.py:109} INFO - [2022-12-03 17:57:29,883] {dag.py:2396} INFO - Sync 1 DAGs
[2022-12-03 17:57:29,920] {logging_mixin.py:109} INFO - [2022-12-03 17:57:29,920] {dag.py:2935} INFO - Setting next_dagrun for data_ingestion_gcs_dag to 2022-12-02 00:00:00+00:00
[2022-12-03 17:57:29,936] {processor.py:171} INFO - Processing /opt/airflow/dags/data_ingest_try_dag.py took 1.413 seconds
[2022-12-03 17:57:59,980] {processor.py:163} INFO - Started process (PID=1796) to work on /opt/airflow/dags/data_ingest_try_dag.py
[2022-12-03 17:57:59,984] {processor.py:642} INFO - Processing file /opt/airflow/dags/data_ingest_try_dag.py for tasks to queue
[2022-12-03 17:57:59,992] {logging_mixin.py:109} INFO - [2022-12-03 17:57:59,991] {dagbag.py:500} INFO - Filling up the DagBag from /opt/airflow/dags/data_ingest_try_dag.py
[2022-12-03 17:58:01,970] {processor.py:654} INFO - DAG(s) dict_keys(['data_ingestion_gcs_dag']) retrieved from /opt/airflow/dags/data_ingest_try_dag.py
[2022-12-03 17:58:02,003] {logging_mixin.py:109} INFO - [2022-12-03 17:58:02,003] {dag.py:2396} INFO - Sync 1 DAGs
[2022-12-03 17:58:02,057] {logging_mixin.py:109} INFO - [2022-12-03 17:58:02,056] {dag.py:2935} INFO - Setting next_dagrun for data_ingestion_gcs_dag to 2022-12-02 00:00:00+00:00
[2022-12-03 17:58:02,082] {processor.py:171} INFO - Processing /opt/airflow/dags/data_ingest_try_dag.py took 2.111 seconds
[2022-12-03 17:58:32,269] {processor.py:163} INFO - Started process (PID=1829) to work on /opt/airflow/dags/data_ingest_try_dag.py
[2022-12-03 17:58:32,271] {processor.py:642} INFO - Processing file /opt/airflow/dags/data_ingest_try_dag.py for tasks to queue
[2022-12-03 17:58:32,271] {logging_mixin.py:109} INFO - [2022-12-03 17:58:32,271] {dagbag.py:500} INFO - Filling up the DagBag from /opt/airflow/dags/data_ingest_try_dag.py
[2022-12-03 17:58:33,873] {processor.py:654} INFO - DAG(s) dict_keys(['data_ingestion_gcs_dag']) retrieved from /opt/airflow/dags/data_ingest_try_dag.py
[2022-12-03 17:58:34,087] {logging_mixin.py:109} INFO - [2022-12-03 17:58:34,086] {dag.py:2396} INFO - Sync 1 DAGs
[2022-12-03 17:58:34,100] {logging_mixin.py:109} INFO - [2022-12-03 17:58:34,100] {dag.py:2935} INFO - Setting next_dagrun for data_ingestion_gcs_dag to 2022-12-02 00:00:00+00:00
[2022-12-03 17:58:34,109] {processor.py:171} INFO - Processing /opt/airflow/dags/data_ingest_try_dag.py took 1.843 seconds
[2022-12-03 17:59:04,182] {processor.py:163} INFO - Started process (PID=1854) to work on /opt/airflow/dags/data_ingest_try_dag.py
[2022-12-03 17:59:04,184] {processor.py:642} INFO - Processing file /opt/airflow/dags/data_ingest_try_dag.py for tasks to queue
[2022-12-03 17:59:04,185] {logging_mixin.py:109} INFO - [2022-12-03 17:59:04,185] {dagbag.py:500} INFO - Filling up the DagBag from /opt/airflow/dags/data_ingest_try_dag.py
[2022-12-03 17:59:06,482] {processor.py:654} INFO - DAG(s) dict_keys(['data_ingestion_gcs_dag']) retrieved from /opt/airflow/dags/data_ingest_try_dag.py
[2022-12-03 17:59:06,519] {logging_mixin.py:109} INFO - [2022-12-03 17:59:06,519] {dag.py:2396} INFO - Sync 1 DAGs
[2022-12-03 17:59:06,565] {logging_mixin.py:109} INFO - [2022-12-03 17:59:06,564] {dag.py:2935} INFO - Setting next_dagrun for data_ingestion_gcs_dag to 2022-12-02 00:00:00+00:00
[2022-12-03 17:59:06,595] {processor.py:171} INFO - Processing /opt/airflow/dags/data_ingest_try_dag.py took 2.417 seconds
[2022-12-03 17:59:36,737] {processor.py:163} INFO - Started process (PID=1885) to work on /opt/airflow/dags/data_ingest_try_dag.py
[2022-12-03 17:59:36,747] {processor.py:642} INFO - Processing file /opt/airflow/dags/data_ingest_try_dag.py for tasks to queue
[2022-12-03 17:59:36,748] {logging_mixin.py:109} INFO - [2022-12-03 17:59:36,748] {dagbag.py:500} INFO - Filling up the DagBag from /opt/airflow/dags/data_ingest_try_dag.py
[2022-12-03 17:59:40,487] {processor.py:654} INFO - DAG(s) dict_keys(['data_ingestion_gcs_dag']) retrieved from /opt/airflow/dags/data_ingest_try_dag.py
[2022-12-03 17:59:40,778] {logging_mixin.py:109} INFO - [2022-12-03 17:59:40,778] {dag.py:2396} INFO - Sync 1 DAGs
[2022-12-03 17:59:40,798] {logging_mixin.py:109} INFO - [2022-12-03 17:59:40,797] {dag.py:2935} INFO - Setting next_dagrun for data_ingestion_gcs_dag to 2022-12-02 00:00:00+00:00
[2022-12-03 17:59:40,808] {processor.py:171} INFO - Processing /opt/airflow/dags/data_ingest_try_dag.py took 4.087 seconds
[2022-12-03 18:00:10,893] {processor.py:163} INFO - Started process (PID=1909) to work on /opt/airflow/dags/data_ingest_try_dag.py
[2022-12-03 18:00:10,897] {processor.py:642} INFO - Processing file /opt/airflow/dags/data_ingest_try_dag.py for tasks to queue
[2022-12-03 18:00:10,900] {logging_mixin.py:109} INFO - [2022-12-03 18:00:10,899] {dagbag.py:500} INFO - Filling up the DagBag from /opt/airflow/dags/data_ingest_try_dag.py
[2022-12-03 18:00:12,062] {processor.py:654} INFO - DAG(s) dict_keys(['data_ingestion_gcs_dag']) retrieved from /opt/airflow/dags/data_ingest_try_dag.py
[2022-12-03 18:00:12,066] {logging_mixin.py:109} INFO - [2022-12-03 18:00:12,066] {dag.py:2396} INFO - Sync 1 DAGs
[2022-12-03 18:00:12,086] {logging_mixin.py:109} INFO - [2022-12-03 18:00:12,086] {dag.py:2935} INFO - Setting next_dagrun for data_ingestion_gcs_dag to 2022-12-02 00:00:00+00:00
[2022-12-03 18:00:12,097] {processor.py:171} INFO - Processing /opt/airflow/dags/data_ingest_try_dag.py took 1.213 seconds
[2022-12-03 18:00:42,177] {processor.py:163} INFO - Started process (PID=1932) to work on /opt/airflow/dags/data_ingest_try_dag.py
[2022-12-03 18:00:42,179] {processor.py:642} INFO - Processing file /opt/airflow/dags/data_ingest_try_dag.py for tasks to queue
[2022-12-03 18:00:42,180] {logging_mixin.py:109} INFO - [2022-12-03 18:00:42,180] {dagbag.py:500} INFO - Filling up the DagBag from /opt/airflow/dags/data_ingest_try_dag.py
[2022-12-03 18:00:43,787] {processor.py:654} INFO - DAG(s) dict_keys(['data_ingestion_gcs_dag']) retrieved from /opt/airflow/dags/data_ingest_try_dag.py
[2022-12-03 18:00:44,210] {logging_mixin.py:109} INFO - [2022-12-03 18:00:44,210] {dag.py:2396} INFO - Sync 1 DAGs
[2022-12-03 18:00:44,240] {logging_mixin.py:109} INFO - [2022-12-03 18:00:44,240] {dag.py:2935} INFO - Setting next_dagrun for data_ingestion_gcs_dag to 2022-12-02 00:00:00+00:00
[2022-12-03 18:00:44,258] {processor.py:171} INFO - Processing /opt/airflow/dags/data_ingest_try_dag.py took 2.083 seconds
[2022-12-03 18:01:14,346] {processor.py:163} INFO - Started process (PID=1963) to work on /opt/airflow/dags/data_ingest_try_dag.py
[2022-12-03 18:01:14,347] {processor.py:642} INFO - Processing file /opt/airflow/dags/data_ingest_try_dag.py for tasks to queue
[2022-12-03 18:01:14,353] {logging_mixin.py:109} INFO - [2022-12-03 18:01:14,353] {dagbag.py:500} INFO - Filling up the DagBag from /opt/airflow/dags/data_ingest_try_dag.py
[2022-12-03 18:01:18,435] {processor.py:654} INFO - DAG(s) dict_keys(['data_ingestion_gcs_dag']) retrieved from /opt/airflow/dags/data_ingest_try_dag.py
[2022-12-03 18:01:18,469] {logging_mixin.py:109} INFO - [2022-12-03 18:01:18,468] {dag.py:2396} INFO - Sync 1 DAGs
[2022-12-03 18:01:18,555] {logging_mixin.py:109} INFO - [2022-12-03 18:01:18,555] {dag.py:2935} INFO - Setting next_dagrun for data_ingestion_gcs_dag to 2022-12-02 00:00:00+00:00
[2022-12-03 18:01:18,599] {processor.py:171} INFO - Processing /opt/airflow/dags/data_ingest_try_dag.py took 4.272 seconds
[2022-12-03 18:01:48,817] {processor.py:163} INFO - Started process (PID=1988) to work on /opt/airflow/dags/data_ingest_try_dag.py
[2022-12-03 18:01:48,818] {processor.py:642} INFO - Processing file /opt/airflow/dags/data_ingest_try_dag.py for tasks to queue
[2022-12-03 18:01:48,818] {logging_mixin.py:109} INFO - [2022-12-03 18:01:48,818] {dagbag.py:500} INFO - Filling up the DagBag from /opt/airflow/dags/data_ingest_try_dag.py
[2022-12-03 18:01:50,031] {processor.py:654} INFO - DAG(s) dict_keys(['data_ingestion_gcs_dag']) retrieved from /opt/airflow/dags/data_ingest_try_dag.py
[2022-12-03 18:01:50,274] {logging_mixin.py:109} INFO - [2022-12-03 18:01:50,274] {dag.py:2396} INFO - Sync 1 DAGs
[2022-12-03 18:01:50,297] {logging_mixin.py:109} INFO - [2022-12-03 18:01:50,296] {dag.py:2935} INFO - Setting next_dagrun for data_ingestion_gcs_dag to 2022-12-02 00:00:00+00:00
[2022-12-03 18:01:50,312] {processor.py:171} INFO - Processing /opt/airflow/dags/data_ingest_try_dag.py took 1.499 seconds
[2022-12-03 18:02:20,397] {processor.py:163} INFO - Started process (PID=2013) to work on /opt/airflow/dags/data_ingest_try_dag.py
[2022-12-03 18:02:20,402] {processor.py:642} INFO - Processing file /opt/airflow/dags/data_ingest_try_dag.py for tasks to queue
[2022-12-03 18:02:20,403] {logging_mixin.py:109} INFO - [2022-12-03 18:02:20,403] {dagbag.py:500} INFO - Filling up the DagBag from /opt/airflow/dags/data_ingest_try_dag.py
[2022-12-03 18:02:21,509] {processor.py:654} INFO - DAG(s) dict_keys(['data_ingestion_gcs_dag']) retrieved from /opt/airflow/dags/data_ingest_try_dag.py
[2022-12-03 18:02:21,513] {logging_mixin.py:109} INFO - [2022-12-03 18:02:21,512] {dag.py:2396} INFO - Sync 1 DAGs
[2022-12-03 18:02:21,536] {logging_mixin.py:109} INFO - [2022-12-03 18:02:21,536] {dag.py:2935} INFO - Setting next_dagrun for data_ingestion_gcs_dag to 2022-12-02 00:00:00+00:00
[2022-12-03 18:02:21,549] {processor.py:171} INFO - Processing /opt/airflow/dags/data_ingest_try_dag.py took 1.159 seconds
[2022-12-03 18:02:51,726] {processor.py:163} INFO - Started process (PID=2034) to work on /opt/airflow/dags/data_ingest_try_dag.py
[2022-12-03 18:02:51,728] {processor.py:642} INFO - Processing file /opt/airflow/dags/data_ingest_try_dag.py for tasks to queue
[2022-12-03 18:02:51,728] {logging_mixin.py:109} INFO - [2022-12-03 18:02:51,728] {dagbag.py:500} INFO - Filling up the DagBag from /opt/airflow/dags/data_ingest_try_dag.py
[2022-12-03 18:02:54,614] {processor.py:654} INFO - DAG(s) dict_keys(['data_ingestion_gcs_dag']) retrieved from /opt/airflow/dags/data_ingest_try_dag.py
[2022-12-03 18:02:55,551] {logging_mixin.py:109} INFO - [2022-12-03 18:02:55,550] {dag.py:2396} INFO - Sync 1 DAGs
[2022-12-03 18:02:55,584] {logging_mixin.py:109} INFO - [2022-12-03 18:02:55,584] {dag.py:2935} INFO - Setting next_dagrun for data_ingestion_gcs_dag to 2022-12-02 00:00:00+00:00
[2022-12-03 18:02:55,612] {processor.py:171} INFO - Processing /opt/airflow/dags/data_ingest_try_dag.py took 3.893 seconds
[2022-12-03 18:03:25,733] {processor.py:163} INFO - Started process (PID=2067) to work on /opt/airflow/dags/data_ingest_try_dag.py
[2022-12-03 18:03:25,742] {processor.py:642} INFO - Processing file /opt/airflow/dags/data_ingest_try_dag.py for tasks to queue
[2022-12-03 18:03:25,744] {logging_mixin.py:109} INFO - [2022-12-03 18:03:25,744] {dagbag.py:500} INFO - Filling up the DagBag from /opt/airflow/dags/data_ingest_try_dag.py
[2022-12-03 18:03:26,655] {processor.py:654} INFO - DAG(s) dict_keys(['data_ingestion_gcs_dag']) retrieved from /opt/airflow/dags/data_ingest_try_dag.py
[2022-12-03 18:03:26,674] {logging_mixin.py:109} INFO - [2022-12-03 18:03:26,674] {dag.py:2396} INFO - Sync 1 DAGs
[2022-12-03 18:03:26,703] {logging_mixin.py:109} INFO - [2022-12-03 18:03:26,703] {dag.py:2935} INFO - Setting next_dagrun for data_ingestion_gcs_dag to 2022-12-02 00:00:00+00:00
[2022-12-03 18:03:26,717] {processor.py:171} INFO - Processing /opt/airflow/dags/data_ingest_try_dag.py took 0.988 seconds
