[2022-12-04 05:14:39,808] {taskinstance.py:1032} INFO - Dependencies all met for <TaskInstance: data_ingestion_gcs_dag.download_dataset_task manual__2022-12-04T05:14:22.425045+00:00 [queued]>
[2022-12-04 05:14:39,828] {taskinstance.py:1032} INFO - Dependencies all met for <TaskInstance: data_ingestion_gcs_dag.download_dataset_task manual__2022-12-04T05:14:22.425045+00:00 [queued]>
[2022-12-04 05:14:39,828] {taskinstance.py:1238} INFO - 
--------------------------------------------------------------------------------
[2022-12-04 05:14:39,829] {taskinstance.py:1239} INFO - Starting attempt 1 of 2
[2022-12-04 05:14:39,829] {taskinstance.py:1240} INFO - 
--------------------------------------------------------------------------------
[2022-12-04 05:14:39,853] {taskinstance.py:1259} INFO - Executing <Task(BashOperator): download_dataset_task> on 2022-12-04 05:14:22.425045+00:00
[2022-12-04 05:14:39,860] {standard_task_runner.py:52} INFO - Started process 2060 to run task
[2022-12-04 05:14:39,865] {standard_task_runner.py:76} INFO - Running: ['***', 'tasks', 'run', 'data_ingestion_gcs_dag', 'download_dataset_task', 'manual__2022-12-04T05:14:22.425045+00:00', '--job-id', '212', '--raw', '--subdir', 'DAGS_FOLDER/data_ingest_try_dag.py', '--cfg-path', '/tmp/tmpmwcp2uwc', '--error-file', '/tmp/tmpewshyjfl']
[2022-12-04 05:14:39,867] {standard_task_runner.py:77} INFO - Job 212: Subtask download_dataset_task
[2022-12-04 05:14:39,991] {logging_mixin.py:109} INFO - Running <TaskInstance: data_ingestion_gcs_dag.download_dataset_task manual__2022-12-04T05:14:22.425045+00:00 [running]> on host f96e892f1d4c
[2022-12-04 05:14:40,125] {taskinstance.py:1426} INFO - Exporting the following env vars:
AIRFLOW_CTX_DAG_OWNER=***
AIRFLOW_CTX_DAG_ID=data_ingestion_gcs_dag
AIRFLOW_CTX_TASK_ID=download_dataset_task
AIRFLOW_CTX_EXECUTION_DATE=2022-12-04T05:14:22.425045+00:00
AIRFLOW_CTX_DAG_RUN_ID=manual__2022-12-04T05:14:22.425045+00:00
[2022-12-04 05:14:40,127] {subprocess.py:62} INFO - Tmp dir root location: 
 /tmp
[2022-12-04 05:14:40,128] {subprocess.py:74} INFO - Running command: ['bash', '-c', 'curl -X GET https://d37ci6vzurychx.cloudfront.net/misc/taxi+_zone_lookup.csv > /opt/***/taxi+_zone_lookup.csv']
[2022-12-04 05:14:40,149] {subprocess.py:85} INFO - Output:
[2022-12-04 05:14:40,163] {subprocess.py:89} INFO -   % Total    % Received % Xferd  Average Speed   Time    Time     Time  Current
[2022-12-04 05:14:40,164] {subprocess.py:89} INFO -                                  Dload  Upload   Total   Spent    Left  Speed
[2022-12-04 05:14:40,203] {subprocess.py:89} INFO -   0     0    0     0    0     0      0      0 --:--:-- --:--:-- --:--:--     0100 12322  100 12322    0     0   300k      0 --:--:-- --:--:-- --:--:--  300k
[2022-12-04 05:14:40,217] {subprocess.py:93} INFO - Command exited with return code 0
[2022-12-04 05:14:40,298] {taskinstance.py:1277} INFO - Marking task as SUCCESS. dag_id=data_ingestion_gcs_dag, task_id=download_dataset_task, execution_date=20221204T051422, start_date=20221204T051439, end_date=20221204T051440
[2022-12-04 05:14:40,383] {local_task_job.py:154} INFO - Task exited with return code 0
[2022-12-04 05:14:40,466] {local_task_job.py:264} INFO - 1 downstream tasks scheduled from follow-on schedule check
