[2022-12-04 04:13:34,187] {processor.py:163} INFO - Started process (PID=81) to work on /opt/airflow/dags/data_ingest_try_dag.py
[2022-12-04 04:13:34,232] {processor.py:642} INFO - Processing file /opt/airflow/dags/data_ingest_try_dag.py for tasks to queue
[2022-12-04 04:13:34,254] {logging_mixin.py:109} INFO - [2022-12-04 04:13:34,253] {dagbag.py:500} INFO - Filling up the DagBag from /opt/airflow/dags/data_ingest_try_dag.py
[2022-12-04 04:13:46,037] {processor.py:654} INFO - DAG(s) dict_keys(['data_ingestion_gcs_dag']) retrieved from /opt/airflow/dags/data_ingest_try_dag.py
[2022-12-04 04:13:51,990] {logging_mixin.py:109} INFO - [2022-12-04 04:13:51,989] {dag.py:2396} INFO - Sync 1 DAGs
[2022-12-04 04:13:52,234] {logging_mixin.py:109} INFO - [2022-12-04 04:13:52,233] {dag.py:2935} INFO - Setting next_dagrun for data_ingestion_gcs_dag to 2022-12-03 00:00:00+00:00
[2022-12-04 04:13:52,401] {processor.py:171} INFO - Processing /opt/airflow/dags/data_ingest_try_dag.py took 18.218 seconds
[2022-12-04 04:14:23,230] {processor.py:163} INFO - Started process (PID=110) to work on /opt/airflow/dags/data_ingest_try_dag.py
[2022-12-04 04:14:23,246] {processor.py:642} INFO - Processing file /opt/airflow/dags/data_ingest_try_dag.py for tasks to queue
[2022-12-04 04:14:23,249] {logging_mixin.py:109} INFO - [2022-12-04 04:14:23,249] {dagbag.py:500} INFO - Filling up the DagBag from /opt/airflow/dags/data_ingest_try_dag.py
[2022-12-04 04:14:38,589] {processor.py:654} INFO - DAG(s) dict_keys(['data_ingestion_gcs_dag']) retrieved from /opt/airflow/dags/data_ingest_try_dag.py
[2022-12-04 04:14:40,525] {logging_mixin.py:109} INFO - [2022-12-04 04:14:40,522] {dag.py:2396} INFO - Sync 1 DAGs
[2022-12-04 04:14:40,636] {logging_mixin.py:109} INFO - [2022-12-04 04:14:40,636] {dag.py:2935} INFO - Setting next_dagrun for data_ingestion_gcs_dag to 2022-12-03 00:00:00+00:00
[2022-12-04 04:14:40,701] {processor.py:171} INFO - Processing /opt/airflow/dags/data_ingest_try_dag.py took 17.519 seconds
[2022-12-04 04:16:29,194] {processor.py:163} INFO - Started process (PID=62) to work on /opt/airflow/dags/data_ingest_try_dag.py
[2022-12-04 04:16:29,206] {processor.py:642} INFO - Processing file /opt/airflow/dags/data_ingest_try_dag.py for tasks to queue
[2022-12-04 04:16:29,229] {logging_mixin.py:109} INFO - [2022-12-04 04:16:29,229] {dagbag.py:500} INFO - Filling up the DagBag from /opt/airflow/dags/data_ingest_try_dag.py
[2022-12-04 04:16:38,845] {processor.py:654} INFO - DAG(s) dict_keys(['data_ingestion_gcs_dag']) retrieved from /opt/airflow/dags/data_ingest_try_dag.py
[2022-12-04 04:16:38,966] {logging_mixin.py:109} INFO - [2022-12-04 04:16:38,965] {dag.py:2396} INFO - Sync 1 DAGs
[2022-12-04 04:16:39,200] {logging_mixin.py:109} INFO - [2022-12-04 04:16:39,200] {dag.py:2935} INFO - Setting next_dagrun for data_ingestion_gcs_dag to 2022-12-03 00:00:00+00:00
[2022-12-04 04:16:39,385] {processor.py:171} INFO - Processing /opt/airflow/dags/data_ingest_try_dag.py took 10.218 seconds
[2022-12-04 04:17:09,771] {processor.py:163} INFO - Started process (PID=85) to work on /opt/airflow/dags/data_ingest_try_dag.py
[2022-12-04 04:17:09,782] {processor.py:642} INFO - Processing file /opt/airflow/dags/data_ingest_try_dag.py for tasks to queue
[2022-12-04 04:17:09,782] {logging_mixin.py:109} INFO - [2022-12-04 04:17:09,782] {dagbag.py:500} INFO - Filling up the DagBag from /opt/airflow/dags/data_ingest_try_dag.py
[2022-12-04 04:17:12,295] {processor.py:654} INFO - DAG(s) dict_keys(['data_ingestion_gcs_dag']) retrieved from /opt/airflow/dags/data_ingest_try_dag.py
[2022-12-04 04:17:12,908] {logging_mixin.py:109} INFO - [2022-12-04 04:17:12,907] {dag.py:2396} INFO - Sync 1 DAGs
[2022-12-04 04:17:12,988] {logging_mixin.py:109} INFO - [2022-12-04 04:17:12,988] {dag.py:2935} INFO - Setting next_dagrun for data_ingestion_gcs_dag to 2022-12-03 00:00:00+00:00
[2022-12-04 04:17:13,046] {processor.py:171} INFO - Processing /opt/airflow/dags/data_ingest_try_dag.py took 3.278 seconds
[2022-12-04 04:17:43,478] {processor.py:163} INFO - Started process (PID=108) to work on /opt/airflow/dags/data_ingest_try_dag.py
[2022-12-04 04:17:43,481] {processor.py:642} INFO - Processing file /opt/airflow/dags/data_ingest_try_dag.py for tasks to queue
[2022-12-04 04:17:43,482] {logging_mixin.py:109} INFO - [2022-12-04 04:17:43,482] {dagbag.py:500} INFO - Filling up the DagBag from /opt/airflow/dags/data_ingest_try_dag.py
[2022-12-04 04:17:46,476] {processor.py:654} INFO - DAG(s) dict_keys(['data_ingestion_gcs_dag']) retrieved from /opt/airflow/dags/data_ingest_try_dag.py
[2022-12-04 04:17:46,498] {logging_mixin.py:109} INFO - [2022-12-04 04:17:46,497] {dag.py:2396} INFO - Sync 1 DAGs
[2022-12-04 04:17:46,526] {logging_mixin.py:109} INFO - [2022-12-04 04:17:46,525] {dag.py:2935} INFO - Setting next_dagrun for data_ingestion_gcs_dag to 2022-12-03 00:00:00+00:00
[2022-12-04 04:17:46,550] {processor.py:171} INFO - Processing /opt/airflow/dags/data_ingest_try_dag.py took 3.075 seconds
[2022-12-04 04:18:16,780] {processor.py:163} INFO - Started process (PID=130) to work on /opt/airflow/dags/data_ingest_try_dag.py
[2022-12-04 04:18:16,789] {processor.py:642} INFO - Processing file /opt/airflow/dags/data_ingest_try_dag.py for tasks to queue
[2022-12-04 04:18:16,790] {logging_mixin.py:109} INFO - [2022-12-04 04:18:16,790] {dagbag.py:500} INFO - Filling up the DagBag from /opt/airflow/dags/data_ingest_try_dag.py
[2022-12-04 04:18:22,783] {processor.py:654} INFO - DAG(s) dict_keys(['data_ingestion_gcs_dag']) retrieved from /opt/airflow/dags/data_ingest_try_dag.py
[2022-12-04 04:18:23,514] {logging_mixin.py:109} INFO - [2022-12-04 04:18:23,514] {dag.py:2396} INFO - Sync 1 DAGs
[2022-12-04 04:18:23,554] {logging_mixin.py:109} INFO - [2022-12-04 04:18:23,554] {dag.py:2935} INFO - Setting next_dagrun for data_ingestion_gcs_dag to 2022-12-03 00:00:00+00:00
[2022-12-04 04:18:23,585] {processor.py:171} INFO - Processing /opt/airflow/dags/data_ingest_try_dag.py took 6.818 seconds
[2022-12-04 04:18:53,897] {processor.py:163} INFO - Started process (PID=154) to work on /opt/airflow/dags/data_ingest_try_dag.py
[2022-12-04 04:18:53,902] {processor.py:642} INFO - Processing file /opt/airflow/dags/data_ingest_try_dag.py for tasks to queue
[2022-12-04 04:18:53,905] {logging_mixin.py:109} INFO - [2022-12-04 04:18:53,905] {dagbag.py:500} INFO - Filling up the DagBag from /opt/airflow/dags/data_ingest_try_dag.py
[2022-12-04 04:18:59,713] {processor.py:654} INFO - DAG(s) dict_keys(['data_ingestion_gcs_dag']) retrieved from /opt/airflow/dags/data_ingest_try_dag.py
[2022-12-04 04:18:59,746] {logging_mixin.py:109} INFO - [2022-12-04 04:18:59,745] {dag.py:2396} INFO - Sync 1 DAGs
[2022-12-04 04:18:59,803] {logging_mixin.py:109} INFO - [2022-12-04 04:18:59,803] {dag.py:2935} INFO - Setting next_dagrun for data_ingestion_gcs_dag to 2022-12-03 00:00:00+00:00
[2022-12-04 04:18:59,821] {processor.py:171} INFO - Processing /opt/airflow/dags/data_ingest_try_dag.py took 5.940 seconds
[2022-12-04 04:19:30,177] {processor.py:163} INFO - Started process (PID=178) to work on /opt/airflow/dags/data_ingest_try_dag.py
[2022-12-04 04:19:30,178] {processor.py:642} INFO - Processing file /opt/airflow/dags/data_ingest_try_dag.py for tasks to queue
[2022-12-04 04:19:30,181] {logging_mixin.py:109} INFO - [2022-12-04 04:19:30,181] {dagbag.py:500} INFO - Filling up the DagBag from /opt/airflow/dags/data_ingest_try_dag.py
[2022-12-04 04:19:34,540] {processor.py:654} INFO - DAG(s) dict_keys(['data_ingestion_gcs_dag']) retrieved from /opt/airflow/dags/data_ingest_try_dag.py
[2022-12-04 04:19:34,988] {logging_mixin.py:109} INFO - [2022-12-04 04:19:34,988] {dag.py:2396} INFO - Sync 1 DAGs
[2022-12-04 04:19:35,028] {logging_mixin.py:109} INFO - [2022-12-04 04:19:35,027] {dag.py:2935} INFO - Setting next_dagrun for data_ingestion_gcs_dag to 2022-12-03 00:00:00+00:00
[2022-12-04 04:19:35,047] {processor.py:171} INFO - Processing /opt/airflow/dags/data_ingest_try_dag.py took 4.877 seconds
[2022-12-04 04:20:05,152] {processor.py:163} INFO - Started process (PID=205) to work on /opt/airflow/dags/data_ingest_try_dag.py
[2022-12-04 04:20:05,158] {processor.py:642} INFO - Processing file /opt/airflow/dags/data_ingest_try_dag.py for tasks to queue
[2022-12-04 04:20:05,159] {logging_mixin.py:109} INFO - [2022-12-04 04:20:05,159] {dagbag.py:500} INFO - Filling up the DagBag from /opt/airflow/dags/data_ingest_try_dag.py
[2022-12-04 04:20:08,224] {processor.py:654} INFO - DAG(s) dict_keys(['data_ingestion_gcs_dag']) retrieved from /opt/airflow/dags/data_ingest_try_dag.py
[2022-12-04 04:20:08,233] {logging_mixin.py:109} INFO - [2022-12-04 04:20:08,232] {dag.py:2396} INFO - Sync 1 DAGs
[2022-12-04 04:20:08,292] {logging_mixin.py:109} INFO - [2022-12-04 04:20:08,292] {dag.py:2935} INFO - Setting next_dagrun for data_ingestion_gcs_dag to 2022-12-03 00:00:00+00:00
[2022-12-04 04:20:08,317] {processor.py:171} INFO - Processing /opt/airflow/dags/data_ingest_try_dag.py took 3.171 seconds
[2022-12-04 04:20:38,446] {processor.py:163} INFO - Started process (PID=228) to work on /opt/airflow/dags/data_ingest_try_dag.py
[2022-12-04 04:20:38,451] {processor.py:642} INFO - Processing file /opt/airflow/dags/data_ingest_try_dag.py for tasks to queue
[2022-12-04 04:20:38,456] {logging_mixin.py:109} INFO - [2022-12-04 04:20:38,456] {dagbag.py:500} INFO - Filling up the DagBag from /opt/airflow/dags/data_ingest_try_dag.py
[2022-12-04 04:20:42,816] {processor.py:654} INFO - DAG(s) dict_keys(['data_ingestion_gcs_dag']) retrieved from /opt/airflow/dags/data_ingest_try_dag.py
[2022-12-04 04:20:43,205] {logging_mixin.py:109} INFO - [2022-12-04 04:20:43,204] {dag.py:2396} INFO - Sync 1 DAGs
[2022-12-04 04:20:43,230] {logging_mixin.py:109} INFO - [2022-12-04 04:20:43,230] {dag.py:2935} INFO - Setting next_dagrun for data_ingestion_gcs_dag to 2022-12-03 00:00:00+00:00
[2022-12-04 04:20:43,244] {processor.py:171} INFO - Processing /opt/airflow/dags/data_ingest_try_dag.py took 4.810 seconds
[2022-12-04 04:21:13,343] {processor.py:163} INFO - Started process (PID=251) to work on /opt/airflow/dags/data_ingest_try_dag.py
[2022-12-04 04:21:13,345] {processor.py:642} INFO - Processing file /opt/airflow/dags/data_ingest_try_dag.py for tasks to queue
[2022-12-04 04:21:13,346] {logging_mixin.py:109} INFO - [2022-12-04 04:21:13,345] {dagbag.py:500} INFO - Filling up the DagBag from /opt/airflow/dags/data_ingest_try_dag.py
[2022-12-04 04:21:15,024] {processor.py:654} INFO - DAG(s) dict_keys(['data_ingestion_gcs_dag']) retrieved from /opt/airflow/dags/data_ingest_try_dag.py
[2022-12-04 04:21:15,044] {logging_mixin.py:109} INFO - [2022-12-04 04:21:15,044] {dag.py:2396} INFO - Sync 1 DAGs
[2022-12-04 04:21:15,085] {logging_mixin.py:109} INFO - [2022-12-04 04:21:15,085] {dag.py:2935} INFO - Setting next_dagrun for data_ingestion_gcs_dag to 2022-12-03 00:00:00+00:00
[2022-12-04 04:21:15,115] {processor.py:171} INFO - Processing /opt/airflow/dags/data_ingest_try_dag.py took 1.783 seconds
[2022-12-04 04:21:45,801] {processor.py:163} INFO - Started process (PID=277) to work on /opt/airflow/dags/data_ingest_try_dag.py
[2022-12-04 04:21:45,810] {processor.py:642} INFO - Processing file /opt/airflow/dags/data_ingest_try_dag.py for tasks to queue
[2022-12-04 04:21:45,826] {logging_mixin.py:109} INFO - [2022-12-04 04:21:45,826] {dagbag.py:500} INFO - Filling up the DagBag from /opt/airflow/dags/data_ingest_try_dag.py
[2022-12-04 04:21:48,852] {processor.py:654} INFO - DAG(s) dict_keys(['data_ingestion_gcs_dag']) retrieved from /opt/airflow/dags/data_ingest_try_dag.py
[2022-12-04 04:21:49,399] {logging_mixin.py:109} INFO - [2022-12-04 04:21:49,399] {dag.py:2396} INFO - Sync 1 DAGs
[2022-12-04 04:21:49,472] {processor.py:171} INFO - Processing /opt/airflow/dags/data_ingest_try_dag.py took 3.691 seconds
[2022-12-04 04:22:20,100] {processor.py:163} INFO - Started process (PID=301) to work on /opt/airflow/dags/data_ingest_try_dag.py
[2022-12-04 04:22:20,109] {processor.py:642} INFO - Processing file /opt/airflow/dags/data_ingest_try_dag.py for tasks to queue
[2022-12-04 04:22:20,110] {logging_mixin.py:109} INFO - [2022-12-04 04:22:20,110] {dagbag.py:500} INFO - Filling up the DagBag from /opt/airflow/dags/data_ingest_try_dag.py
[2022-12-04 04:22:21,837] {processor.py:654} INFO - DAG(s) dict_keys(['data_ingestion_gcs_dag']) retrieved from /opt/airflow/dags/data_ingest_try_dag.py
[2022-12-04 04:22:21,854] {logging_mixin.py:109} INFO - [2022-12-04 04:22:21,853] {dag.py:2396} INFO - Sync 1 DAGs
[2022-12-04 04:22:21,892] {processor.py:171} INFO - Processing /opt/airflow/dags/data_ingest_try_dag.py took 1.795 seconds
[2022-12-04 05:01:31,782] {processor.py:163} INFO - Started process (PID=1810) to work on /opt/airflow/dags/data_ingest_try_dag.py
[2022-12-04 05:01:31,785] {processor.py:642} INFO - Processing file /opt/airflow/dags/data_ingest_try_dag.py for tasks to queue
[2022-12-04 05:01:31,786] {logging_mixin.py:109} INFO - [2022-12-04 05:01:31,785] {dagbag.py:500} INFO - Filling up the DagBag from /opt/airflow/dags/data_ingest_try_dag.py
[2022-12-04 05:01:34,960] {processor.py:654} INFO - DAG(s) dict_keys(['data_ingestion_gcs_dag']) retrieved from /opt/airflow/dags/data_ingest_try_dag.py
[2022-12-04 05:01:36,446] {logging_mixin.py:109} INFO - [2022-12-04 05:01:36,445] {dag.py:2396} INFO - Sync 1 DAGs
[2022-12-04 05:01:36,587] {processor.py:171} INFO - Processing /opt/airflow/dags/data_ingest_try_dag.py took 4.812 seconds
[2022-12-04 05:02:06,722] {processor.py:163} INFO - Started process (PID=1834) to work on /opt/airflow/dags/data_ingest_try_dag.py
[2022-12-04 05:02:06,728] {processor.py:642} INFO - Processing file /opt/airflow/dags/data_ingest_try_dag.py for tasks to queue
[2022-12-04 05:02:06,728] {logging_mixin.py:109} INFO - [2022-12-04 05:02:06,728] {dagbag.py:500} INFO - Filling up the DagBag from /opt/airflow/dags/data_ingest_try_dag.py
[2022-12-04 05:02:10,649] {processor.py:654} INFO - DAG(s) dict_keys(['data_ingestion_gcs_dag']) retrieved from /opt/airflow/dags/data_ingest_try_dag.py
[2022-12-04 05:02:10,694] {logging_mixin.py:109} INFO - [2022-12-04 05:02:10,693] {dag.py:2396} INFO - Sync 1 DAGs
[2022-12-04 05:02:10,804] {processor.py:171} INFO - Processing /opt/airflow/dags/data_ingest_try_dag.py took 4.085 seconds
[2022-12-04 05:02:40,975] {processor.py:163} INFO - Started process (PID=1857) to work on /opt/airflow/dags/data_ingest_try_dag.py
[2022-12-04 05:02:40,976] {processor.py:642} INFO - Processing file /opt/airflow/dags/data_ingest_try_dag.py for tasks to queue
[2022-12-04 05:02:40,977] {logging_mixin.py:109} INFO - [2022-12-04 05:02:40,977] {dagbag.py:500} INFO - Filling up the DagBag from /opt/airflow/dags/data_ingest_try_dag.py
[2022-12-04 05:02:42,117] {processor.py:654} INFO - DAG(s) dict_keys(['data_ingestion_gcs_dag']) retrieved from /opt/airflow/dags/data_ingest_try_dag.py
[2022-12-04 05:02:42,140] {logging_mixin.py:109} INFO - [2022-12-04 05:02:42,140] {dag.py:2396} INFO - Sync 1 DAGs
[2022-12-04 05:02:42,184] {processor.py:171} INFO - Processing /opt/airflow/dags/data_ingest_try_dag.py took 1.213 seconds
[2022-12-04 05:03:12,332] {processor.py:163} INFO - Started process (PID=1881) to work on /opt/airflow/dags/data_ingest_try_dag.py
[2022-12-04 05:03:12,333] {processor.py:642} INFO - Processing file /opt/airflow/dags/data_ingest_try_dag.py for tasks to queue
[2022-12-04 05:03:12,334] {logging_mixin.py:109} INFO - [2022-12-04 05:03:12,334] {dagbag.py:500} INFO - Filling up the DagBag from /opt/airflow/dags/data_ingest_try_dag.py
[2022-12-04 05:03:13,497] {processor.py:654} INFO - DAG(s) dict_keys(['data_ingestion_gcs_dag']) retrieved from /opt/airflow/dags/data_ingest_try_dag.py
[2022-12-04 05:03:13,875] {logging_mixin.py:109} INFO - [2022-12-04 05:03:13,874] {dag.py:2396} INFO - Sync 1 DAGs
[2022-12-04 05:03:13,917] {processor.py:171} INFO - Processing /opt/airflow/dags/data_ingest_try_dag.py took 1.587 seconds
[2022-12-04 05:03:44,692] {processor.py:163} INFO - Started process (PID=1914) to work on /opt/airflow/dags/data_ingest_try_dag.py
[2022-12-04 05:03:44,693] {processor.py:642} INFO - Processing file /opt/airflow/dags/data_ingest_try_dag.py for tasks to queue
[2022-12-04 05:03:44,694] {logging_mixin.py:109} INFO - [2022-12-04 05:03:44,694] {dagbag.py:500} INFO - Filling up the DagBag from /opt/airflow/dags/data_ingest_try_dag.py
[2022-12-04 05:03:45,931] {processor.py:654} INFO - DAG(s) dict_keys(['data_ingestion_gcs_dag']) retrieved from /opt/airflow/dags/data_ingest_try_dag.py
[2022-12-04 05:03:45,946] {logging_mixin.py:109} INFO - [2022-12-04 05:03:45,945] {dag.py:2396} INFO - Sync 1 DAGs
[2022-12-04 05:03:45,984] {processor.py:171} INFO - Processing /opt/airflow/dags/data_ingest_try_dag.py took 1.296 seconds
[2022-12-04 05:04:16,121] {processor.py:163} INFO - Started process (PID=1938) to work on /opt/airflow/dags/data_ingest_try_dag.py
[2022-12-04 05:04:16,123] {processor.py:642} INFO - Processing file /opt/airflow/dags/data_ingest_try_dag.py for tasks to queue
[2022-12-04 05:04:16,124] {logging_mixin.py:109} INFO - [2022-12-04 05:04:16,124] {dagbag.py:500} INFO - Filling up the DagBag from /opt/airflow/dags/data_ingest_try_dag.py
[2022-12-04 05:04:17,493] {processor.py:654} INFO - DAG(s) dict_keys(['data_ingestion_gcs_dag']) retrieved from /opt/airflow/dags/data_ingest_try_dag.py
[2022-12-04 05:04:17,498] {logging_mixin.py:109} INFO - [2022-12-04 05:04:17,497] {dag.py:2396} INFO - Sync 1 DAGs
[2022-12-04 05:04:17,523] {logging_mixin.py:109} INFO - [2022-12-04 05:04:17,523] {dag.py:2935} INFO - Setting next_dagrun for data_ingestion_gcs_dag to 2022-12-04T00:00:00+00:00
[2022-12-04 05:04:17,537] {processor.py:171} INFO - Processing /opt/airflow/dags/data_ingest_try_dag.py took 1.421 seconds
[2022-12-04 05:04:48,300] {processor.py:163} INFO - Started process (PID=1962) to work on /opt/airflow/dags/data_ingest_try_dag.py
[2022-12-04 05:04:48,302] {processor.py:642} INFO - Processing file /opt/airflow/dags/data_ingest_try_dag.py for tasks to queue
[2022-12-04 05:04:48,302] {logging_mixin.py:109} INFO - [2022-12-04 05:04:48,302] {dagbag.py:500} INFO - Filling up the DagBag from /opt/airflow/dags/data_ingest_try_dag.py
[2022-12-04 05:04:49,337] {processor.py:654} INFO - DAG(s) dict_keys(['data_ingestion_gcs_dag']) retrieved from /opt/airflow/dags/data_ingest_try_dag.py
[2022-12-04 05:04:49,629] {logging_mixin.py:109} INFO - [2022-12-04 05:04:49,628] {dag.py:2396} INFO - Sync 1 DAGs
[2022-12-04 05:04:49,651] {logging_mixin.py:109} INFO - [2022-12-04 05:04:49,651] {dag.py:2935} INFO - Setting next_dagrun for data_ingestion_gcs_dag to 2022-12-04T00:00:00+00:00
[2022-12-04 05:04:49,664] {processor.py:171} INFO - Processing /opt/airflow/dags/data_ingest_try_dag.py took 1.372 seconds
[2022-12-04 05:05:19,724] {processor.py:163} INFO - Started process (PID=1985) to work on /opt/airflow/dags/data_ingest_try_dag.py
[2022-12-04 05:05:19,726] {processor.py:642} INFO - Processing file /opt/airflow/dags/data_ingest_try_dag.py for tasks to queue
[2022-12-04 05:05:19,727] {logging_mixin.py:109} INFO - [2022-12-04 05:05:19,727] {dagbag.py:500} INFO - Filling up the DagBag from /opt/airflow/dags/data_ingest_try_dag.py
[2022-12-04 05:05:21,066] {processor.py:654} INFO - DAG(s) dict_keys(['data_ingestion_gcs_dag']) retrieved from /opt/airflow/dags/data_ingest_try_dag.py
[2022-12-04 05:05:21,085] {logging_mixin.py:109} INFO - [2022-12-04 05:05:21,084] {dag.py:2396} INFO - Sync 1 DAGs
[2022-12-04 05:05:21,118] {logging_mixin.py:109} INFO - [2022-12-04 05:05:21,118] {dag.py:2935} INFO - Setting next_dagrun for data_ingestion_gcs_dag to 2022-12-04T00:00:00+00:00
[2022-12-04 05:05:21,131] {processor.py:171} INFO - Processing /opt/airflow/dags/data_ingest_try_dag.py took 1.410 seconds
[2022-12-04 05:05:51,924] {processor.py:163} INFO - Started process (PID=2009) to work on /opt/airflow/dags/data_ingest_try_dag.py
[2022-12-04 05:05:51,930] {processor.py:642} INFO - Processing file /opt/airflow/dags/data_ingest_try_dag.py for tasks to queue
[2022-12-04 05:05:51,931] {logging_mixin.py:109} INFO - [2022-12-04 05:05:51,931] {dagbag.py:500} INFO - Filling up the DagBag from /opt/airflow/dags/data_ingest_try_dag.py
[2022-12-04 05:05:54,096] {processor.py:654} INFO - DAG(s) dict_keys(['data_ingestion_gcs_dag']) retrieved from /opt/airflow/dags/data_ingest_try_dag.py
[2022-12-04 05:05:54,102] {logging_mixin.py:109} INFO - [2022-12-04 05:05:54,101] {dag.py:2396} INFO - Sync 1 DAGs
[2022-12-04 05:05:54,136] {logging_mixin.py:109} INFO - [2022-12-04 05:05:54,136] {dag.py:2935} INFO - Setting next_dagrun for data_ingestion_gcs_dag to 2022-12-04T00:00:00+00:00
[2022-12-04 05:05:54,150] {processor.py:171} INFO - Processing /opt/airflow/dags/data_ingest_try_dag.py took 2.229 seconds
[2022-12-04 05:06:24,211] {processor.py:163} INFO - Started process (PID=2032) to work on /opt/airflow/dags/data_ingest_try_dag.py
[2022-12-04 05:06:24,214] {processor.py:642} INFO - Processing file /opt/airflow/dags/data_ingest_try_dag.py for tasks to queue
[2022-12-04 05:06:24,215] {logging_mixin.py:109} INFO - [2022-12-04 05:06:24,214] {dagbag.py:500} INFO - Filling up the DagBag from /opt/airflow/dags/data_ingest_try_dag.py
[2022-12-04 05:06:26,910] {processor.py:654} INFO - DAG(s) dict_keys(['data_ingestion_gcs_dag']) retrieved from /opt/airflow/dags/data_ingest_try_dag.py
[2022-12-04 05:06:27,762] {logging_mixin.py:109} INFO - [2022-12-04 05:06:27,761] {dag.py:2396} INFO - Sync 1 DAGs
[2022-12-04 05:06:27,825] {logging_mixin.py:109} INFO - [2022-12-04 05:06:27,825] {dag.py:2935} INFO - Setting next_dagrun for data_ingestion_gcs_dag to 2022-12-04T00:00:00+00:00
[2022-12-04 05:06:27,865] {processor.py:171} INFO - Processing /opt/airflow/dags/data_ingest_try_dag.py took 3.658 seconds
[2022-12-04 05:06:58,580] {processor.py:163} INFO - Started process (PID=2057) to work on /opt/airflow/dags/data_ingest_try_dag.py
[2022-12-04 05:06:58,595] {processor.py:642} INFO - Processing file /opt/airflow/dags/data_ingest_try_dag.py for tasks to queue
[2022-12-04 05:06:58,596] {logging_mixin.py:109} INFO - [2022-12-04 05:06:58,595] {dagbag.py:500} INFO - Filling up the DagBag from /opt/airflow/dags/data_ingest_try_dag.py
[2022-12-04 05:07:00,081] {processor.py:654} INFO - DAG(s) dict_keys(['data_ingestion_gcs_dag']) retrieved from /opt/airflow/dags/data_ingest_try_dag.py
[2022-12-04 05:07:00,097] {logging_mixin.py:109} INFO - [2022-12-04 05:07:00,096] {dag.py:2396} INFO - Sync 1 DAGs
[2022-12-04 05:07:00,128] {logging_mixin.py:109} INFO - [2022-12-04 05:07:00,128] {dag.py:2935} INFO - Setting next_dagrun for data_ingestion_gcs_dag to 2022-12-04T00:00:00+00:00
[2022-12-04 05:07:00,141] {processor.py:171} INFO - Processing /opt/airflow/dags/data_ingest_try_dag.py took 1.581 seconds
[2022-12-04 05:07:30,264] {processor.py:163} INFO - Started process (PID=2079) to work on /opt/airflow/dags/data_ingest_try_dag.py
[2022-12-04 05:07:30,268] {processor.py:642} INFO - Processing file /opt/airflow/dags/data_ingest_try_dag.py for tasks to queue
[2022-12-04 05:07:30,273] {logging_mixin.py:109} INFO - [2022-12-04 05:07:30,273] {dagbag.py:500} INFO - Filling up the DagBag from /opt/airflow/dags/data_ingest_try_dag.py
[2022-12-04 05:07:31,322] {processor.py:654} INFO - DAG(s) dict_keys(['data_ingestion_gcs_dag']) retrieved from /opt/airflow/dags/data_ingest_try_dag.py
[2022-12-04 05:07:31,327] {logging_mixin.py:109} INFO - [2022-12-04 05:07:31,326] {dag.py:2396} INFO - Sync 1 DAGs
[2022-12-04 05:07:31,356] {logging_mixin.py:109} INFO - [2022-12-04 05:07:31,356] {dag.py:2935} INFO - Setting next_dagrun for data_ingestion_gcs_dag to 2022-12-04T00:00:00+00:00
[2022-12-04 05:07:31,369] {processor.py:171} INFO - Processing /opt/airflow/dags/data_ingest_try_dag.py took 1.115 seconds
[2022-12-04 05:08:01,416] {processor.py:163} INFO - Started process (PID=2103) to work on /opt/airflow/dags/data_ingest_try_dag.py
[2022-12-04 05:08:01,418] {processor.py:642} INFO - Processing file /opt/airflow/dags/data_ingest_try_dag.py for tasks to queue
[2022-12-04 05:08:01,419] {logging_mixin.py:109} INFO - [2022-12-04 05:08:01,419] {dagbag.py:500} INFO - Filling up the DagBag from /opt/airflow/dags/data_ingest_try_dag.py
[2022-12-04 05:08:02,526] {processor.py:654} INFO - DAG(s) dict_keys(['data_ingestion_gcs_dag']) retrieved from /opt/airflow/dags/data_ingest_try_dag.py
[2022-12-04 05:08:02,816] {logging_mixin.py:109} INFO - [2022-12-04 05:08:02,816] {dag.py:2396} INFO - Sync 1 DAGs
[2022-12-04 05:08:02,843] {logging_mixin.py:109} INFO - [2022-12-04 05:08:02,843] {dag.py:2935} INFO - Setting next_dagrun for data_ingestion_gcs_dag to 2022-12-04T00:00:00+00:00
[2022-12-04 05:08:02,857] {processor.py:171} INFO - Processing /opt/airflow/dags/data_ingest_try_dag.py took 1.443 seconds
[2022-12-04 05:08:33,617] {processor.py:163} INFO - Started process (PID=2127) to work on /opt/airflow/dags/data_ingest_try_dag.py
[2022-12-04 05:08:33,619] {processor.py:642} INFO - Processing file /opt/airflow/dags/data_ingest_try_dag.py for tasks to queue
[2022-12-04 05:08:33,619] {logging_mixin.py:109} INFO - [2022-12-04 05:08:33,619] {dagbag.py:500} INFO - Filling up the DagBag from /opt/airflow/dags/data_ingest_try_dag.py
[2022-12-04 05:08:34,592] {processor.py:654} INFO - DAG(s) dict_keys(['data_ingestion_gcs_dag']) retrieved from /opt/airflow/dags/data_ingest_try_dag.py
[2022-12-04 05:08:34,606] {logging_mixin.py:109} INFO - [2022-12-04 05:08:34,606] {dag.py:2396} INFO - Sync 1 DAGs
[2022-12-04 05:08:34,629] {logging_mixin.py:109} INFO - [2022-12-04 05:08:34,629] {dag.py:2935} INFO - Setting next_dagrun for data_ingestion_gcs_dag to 2022-12-04T00:00:00+00:00
[2022-12-04 05:08:34,643] {processor.py:171} INFO - Processing /opt/airflow/dags/data_ingest_try_dag.py took 1.030 seconds
[2022-12-04 05:09:04,795] {processor.py:163} INFO - Started process (PID=2151) to work on /opt/airflow/dags/data_ingest_try_dag.py
[2022-12-04 05:09:04,798] {processor.py:642} INFO - Processing file /opt/airflow/dags/data_ingest_try_dag.py for tasks to queue
[2022-12-04 05:09:04,799] {logging_mixin.py:109} INFO - [2022-12-04 05:09:04,798] {dagbag.py:500} INFO - Filling up the DagBag from /opt/airflow/dags/data_ingest_try_dag.py
[2022-12-04 05:09:05,774] {processor.py:654} INFO - DAG(s) dict_keys(['data_ingestion_gcs_dag']) retrieved from /opt/airflow/dags/data_ingest_try_dag.py
[2022-12-04 05:09:05,777] {logging_mixin.py:109} INFO - [2022-12-04 05:09:05,777] {dag.py:2396} INFO - Sync 1 DAGs
[2022-12-04 05:09:05,801] {logging_mixin.py:109} INFO - [2022-12-04 05:09:05,801] {dag.py:2935} INFO - Setting next_dagrun for data_ingestion_gcs_dag to 2022-12-04T00:00:00+00:00
[2022-12-04 05:09:05,813] {processor.py:171} INFO - Processing /opt/airflow/dags/data_ingest_try_dag.py took 1.021 seconds
[2022-12-04 05:09:36,014] {processor.py:163} INFO - Started process (PID=2175) to work on /opt/airflow/dags/data_ingest_try_dag.py
[2022-12-04 05:09:36,022] {processor.py:642} INFO - Processing file /opt/airflow/dags/data_ingest_try_dag.py for tasks to queue
[2022-12-04 05:09:36,023] {logging_mixin.py:109} INFO - [2022-12-04 05:09:36,023] {dagbag.py:500} INFO - Filling up the DagBag from /opt/airflow/dags/data_ingest_try_dag.py
[2022-12-04 05:09:38,818] {processor.py:654} INFO - DAG(s) dict_keys(['data_ingestion_gcs_dag']) retrieved from /opt/airflow/dags/data_ingest_try_dag.py
[2022-12-04 05:09:39,420] {logging_mixin.py:109} INFO - [2022-12-04 05:09:39,420] {dag.py:2396} INFO - Sync 1 DAGs
[2022-12-04 05:09:39,447] {logging_mixin.py:109} INFO - [2022-12-04 05:09:39,447] {dag.py:2935} INFO - Setting next_dagrun for data_ingestion_gcs_dag to 2022-12-04T00:00:00+00:00
[2022-12-04 05:09:39,463] {processor.py:171} INFO - Processing /opt/airflow/dags/data_ingest_try_dag.py took 3.461 seconds
[2022-12-04 05:10:10,351] {processor.py:163} INFO - Started process (PID=2197) to work on /opt/airflow/dags/data_ingest_try_dag.py
[2022-12-04 05:10:10,353] {processor.py:642} INFO - Processing file /opt/airflow/dags/data_ingest_try_dag.py for tasks to queue
[2022-12-04 05:10:10,354] {logging_mixin.py:109} INFO - [2022-12-04 05:10:10,354] {dagbag.py:500} INFO - Filling up the DagBag from /opt/airflow/dags/data_ingest_try_dag.py
[2022-12-04 05:10:12,939] {processor.py:654} INFO - DAG(s) dict_keys(['data_ingestion_gcs_dag']) retrieved from /opt/airflow/dags/data_ingest_try_dag.py
[2022-12-04 05:10:13,469] {logging_mixin.py:109} INFO - [2022-12-04 05:10:13,469] {dag.py:2396} INFO - Sync 1 DAGs
[2022-12-04 05:10:13,480] {logging_mixin.py:109} INFO - [2022-12-04 05:10:13,479] {dag.py:2415} INFO - Creating ORM DAG for data_ingestion_gcs_dag
[2022-12-04 05:10:13,497] {logging_mixin.py:109} INFO - [2022-12-04 05:10:13,496] {dag.py:2935} INFO - Setting next_dagrun for data_ingestion_gcs_dag to 2022-12-03 00:00:00+00:00
[2022-12-04 05:10:13,526] {processor.py:171} INFO - Processing /opt/airflow/dags/data_ingest_try_dag.py took 3.186 seconds
[2022-12-04 05:10:43,617] {processor.py:163} INFO - Started process (PID=2220) to work on /opt/airflow/dags/data_ingest_try_dag.py
[2022-12-04 05:10:43,622] {processor.py:642} INFO - Processing file /opt/airflow/dags/data_ingest_try_dag.py for tasks to queue
[2022-12-04 05:10:43,623] {logging_mixin.py:109} INFO - [2022-12-04 05:10:43,623] {dagbag.py:500} INFO - Filling up the DagBag from /opt/airflow/dags/data_ingest_try_dag.py
[2022-12-04 05:10:46,264] {processor.py:654} INFO - DAG(s) dict_keys(['data_ingestion_gcs_dag']) retrieved from /opt/airflow/dags/data_ingest_try_dag.py
[2022-12-04 05:10:46,279] {logging_mixin.py:109} INFO - [2022-12-04 05:10:46,278] {dag.py:2396} INFO - Sync 1 DAGs
[2022-12-04 05:10:46,315] {processor.py:171} INFO - Processing /opt/airflow/dags/data_ingest_try_dag.py took 2.702 seconds
[2022-12-04 05:11:16,476] {processor.py:163} INFO - Started process (PID=2244) to work on /opt/airflow/dags/data_ingest_try_dag.py
[2022-12-04 05:11:16,482] {processor.py:642} INFO - Processing file /opt/airflow/dags/data_ingest_try_dag.py for tasks to queue
[2022-12-04 05:11:16,483] {logging_mixin.py:109} INFO - [2022-12-04 05:11:16,482] {dagbag.py:500} INFO - Filling up the DagBag from /opt/airflow/dags/data_ingest_try_dag.py
[2022-12-04 05:11:19,967] {processor.py:654} INFO - DAG(s) dict_keys(['data_ingestion_gcs_dag']) retrieved from /opt/airflow/dags/data_ingest_try_dag.py
[2022-12-04 05:11:21,495] {logging_mixin.py:109} INFO - [2022-12-04 05:11:21,495] {dag.py:2396} INFO - Sync 1 DAGs
[2022-12-04 05:11:21,646] {processor.py:171} INFO - Processing /opt/airflow/dags/data_ingest_try_dag.py took 5.173 seconds
[2022-12-04 05:11:51,861] {processor.py:163} INFO - Started process (PID=2268) to work on /opt/airflow/dags/data_ingest_try_dag.py
[2022-12-04 05:11:51,873] {processor.py:642} INFO - Processing file /opt/airflow/dags/data_ingest_try_dag.py for tasks to queue
[2022-12-04 05:11:51,874] {logging_mixin.py:109} INFO - [2022-12-04 05:11:51,874] {dagbag.py:500} INFO - Filling up the DagBag from /opt/airflow/dags/data_ingest_try_dag.py
[2022-12-04 05:11:55,971] {processor.py:654} INFO - DAG(s) dict_keys(['data_ingestion_gcs_dag']) retrieved from /opt/airflow/dags/data_ingest_try_dag.py
[2022-12-04 05:11:56,015] {logging_mixin.py:109} INFO - [2022-12-04 05:11:56,015] {dag.py:2396} INFO - Sync 1 DAGs
[2022-12-04 05:11:56,109] {processor.py:171} INFO - Processing /opt/airflow/dags/data_ingest_try_dag.py took 4.251 seconds
[2022-12-04 05:12:26,189] {processor.py:163} INFO - Started process (PID=2291) to work on /opt/airflow/dags/data_ingest_try_dag.py
[2022-12-04 05:12:26,191] {processor.py:642} INFO - Processing file /opt/airflow/dags/data_ingest_try_dag.py for tasks to queue
[2022-12-04 05:12:26,192] {logging_mixin.py:109} INFO - [2022-12-04 05:12:26,192] {dagbag.py:500} INFO - Filling up the DagBag from /opt/airflow/dags/data_ingest_try_dag.py
[2022-12-04 05:12:29,179] {processor.py:654} INFO - DAG(s) dict_keys(['data_ingestion_gcs_dag']) retrieved from /opt/airflow/dags/data_ingest_try_dag.py
[2022-12-04 05:12:30,694] {logging_mixin.py:109} INFO - [2022-12-04 05:12:30,693] {dag.py:2396} INFO - Sync 1 DAGs
[2022-12-04 05:12:30,799] {processor.py:171} INFO - Processing /opt/airflow/dags/data_ingest_try_dag.py took 4.622 seconds
[2022-12-04 05:13:01,026] {processor.py:163} INFO - Started process (PID=2323) to work on /opt/airflow/dags/data_ingest_try_dag.py
[2022-12-04 05:13:01,038] {processor.py:642} INFO - Processing file /opt/airflow/dags/data_ingest_try_dag.py for tasks to queue
[2022-12-04 05:13:01,038] {logging_mixin.py:109} INFO - [2022-12-04 05:13:01,038] {dagbag.py:500} INFO - Filling up the DagBag from /opt/airflow/dags/data_ingest_try_dag.py
[2022-12-04 05:13:04,553] {processor.py:654} INFO - DAG(s) dict_keys(['data_ingestion_gcs_dag']) retrieved from /opt/airflow/dags/data_ingest_try_dag.py
[2022-12-04 05:13:04,610] {logging_mixin.py:109} INFO - [2022-12-04 05:13:04,610] {dag.py:2396} INFO - Sync 1 DAGs
[2022-12-04 05:13:04,749] {processor.py:171} INFO - Processing /opt/airflow/dags/data_ingest_try_dag.py took 3.726 seconds
[2022-12-04 05:13:34,870] {processor.py:163} INFO - Started process (PID=2342) to work on /opt/airflow/dags/data_ingest_try_dag.py
[2022-12-04 05:13:34,872] {processor.py:642} INFO - Processing file /opt/airflow/dags/data_ingest_try_dag.py for tasks to queue
[2022-12-04 05:13:34,874] {logging_mixin.py:109} INFO - [2022-12-04 05:13:34,874] {dagbag.py:500} INFO - Filling up the DagBag from /opt/airflow/dags/data_ingest_try_dag.py
[2022-12-04 05:13:36,851] {processor.py:654} INFO - DAG(s) dict_keys(['data_ingestion_gcs_dag']) retrieved from /opt/airflow/dags/data_ingest_try_dag.py
[2022-12-04 05:13:37,630] {logging_mixin.py:109} INFO - [2022-12-04 05:13:37,629] {dag.py:2396} INFO - Sync 1 DAGs
[2022-12-04 05:13:37,727] {logging_mixin.py:109} INFO - [2022-12-04 05:13:37,726] {dag.py:2935} INFO - Setting next_dagrun for data_ingestion_gcs_dag to 2022-12-04T00:00:00+00:00
[2022-12-04 05:13:37,805] {processor.py:171} INFO - Processing /opt/airflow/dags/data_ingest_try_dag.py took 2.937 seconds
[2022-12-04 05:14:08,136] {processor.py:163} INFO - Started process (PID=2372) to work on /opt/airflow/dags/data_ingest_try_dag.py
[2022-12-04 05:14:08,142] {processor.py:642} INFO - Processing file /opt/airflow/dags/data_ingest_try_dag.py for tasks to queue
[2022-12-04 05:14:08,143] {logging_mixin.py:109} INFO - [2022-12-04 05:14:08,143] {dagbag.py:500} INFO - Filling up the DagBag from /opt/airflow/dags/data_ingest_try_dag.py
[2022-12-04 05:14:11,890] {processor.py:654} INFO - DAG(s) dict_keys(['data_ingestion_gcs_dag']) retrieved from /opt/airflow/dags/data_ingest_try_dag.py
[2022-12-04 05:14:12,366] {logging_mixin.py:109} INFO - [2022-12-04 05:14:12,365] {dag.py:2396} INFO - Sync 1 DAGs
[2022-12-04 05:14:12,379] {logging_mixin.py:109} INFO - [2022-12-04 05:14:12,379] {dag.py:2415} INFO - Creating ORM DAG for data_ingestion_gcs_dag
[2022-12-04 05:14:12,397] {logging_mixin.py:109} INFO - [2022-12-04 05:14:12,397] {dag.py:2935} INFO - Setting next_dagrun for data_ingestion_gcs_dag to 2022-12-03 00:00:00+00:00
[2022-12-04 05:14:12,433] {processor.py:171} INFO - Processing /opt/airflow/dags/data_ingest_try_dag.py took 4.301 seconds
[2022-12-04 05:14:42,546] {processor.py:163} INFO - Started process (PID=2398) to work on /opt/airflow/dags/data_ingest_try_dag.py
[2022-12-04 05:14:42,550] {processor.py:642} INFO - Processing file /opt/airflow/dags/data_ingest_try_dag.py for tasks to queue
[2022-12-04 05:14:42,557] {logging_mixin.py:109} INFO - [2022-12-04 05:14:42,557] {dagbag.py:500} INFO - Filling up the DagBag from /opt/airflow/dags/data_ingest_try_dag.py
[2022-12-04 05:14:45,619] {processor.py:654} INFO - DAG(s) dict_keys(['data_ingestion_gcs_dag']) retrieved from /opt/airflow/dags/data_ingest_try_dag.py
[2022-12-04 05:14:45,664] {logging_mixin.py:109} INFO - [2022-12-04 05:14:45,663] {dag.py:2396} INFO - Sync 1 DAGs
[2022-12-04 05:14:45,754] {processor.py:171} INFO - Processing /opt/airflow/dags/data_ingest_try_dag.py took 3.235 seconds
[2022-12-04 05:15:15,967] {processor.py:163} INFO - Started process (PID=2422) to work on /opt/airflow/dags/data_ingest_try_dag.py
[2022-12-04 05:15:15,970] {processor.py:642} INFO - Processing file /opt/airflow/dags/data_ingest_try_dag.py for tasks to queue
[2022-12-04 05:15:15,971] {logging_mixin.py:109} INFO - [2022-12-04 05:15:15,970] {dagbag.py:500} INFO - Filling up the DagBag from /opt/airflow/dags/data_ingest_try_dag.py
[2022-12-04 05:15:17,414] {processor.py:654} INFO - DAG(s) dict_keys(['data_ingestion_gcs_dag']) retrieved from /opt/airflow/dags/data_ingest_try_dag.py
[2022-12-04 05:15:18,062] {logging_mixin.py:109} INFO - [2022-12-04 05:15:18,061] {dag.py:2396} INFO - Sync 1 DAGs
[2022-12-04 05:15:18,108] {logging_mixin.py:109} INFO - [2022-12-04 05:15:18,107] {dag.py:2935} INFO - Setting next_dagrun for data_ingestion_gcs_dag to 2022-12-04T00:00:00+00:00
[2022-12-04 05:15:18,132] {processor.py:171} INFO - Processing /opt/airflow/dags/data_ingest_try_dag.py took 2.168 seconds
[2022-12-04 05:15:48,235] {processor.py:163} INFO - Started process (PID=2449) to work on /opt/airflow/dags/data_ingest_try_dag.py
[2022-12-04 05:15:48,236] {processor.py:642} INFO - Processing file /opt/airflow/dags/data_ingest_try_dag.py for tasks to queue
[2022-12-04 05:15:48,237] {logging_mixin.py:109} INFO - [2022-12-04 05:15:48,237] {dagbag.py:500} INFO - Filling up the DagBag from /opt/airflow/dags/data_ingest_try_dag.py
[2022-12-04 05:15:49,470] {processor.py:654} INFO - DAG(s) dict_keys(['data_ingestion_gcs_dag']) retrieved from /opt/airflow/dags/data_ingest_try_dag.py
[2022-12-04 05:15:49,791] {logging_mixin.py:109} INFO - [2022-12-04 05:15:49,790] {dag.py:2396} INFO - Sync 1 DAGs
[2022-12-04 05:15:49,803] {logging_mixin.py:109} INFO - [2022-12-04 05:15:49,802] {dag.py:2415} INFO - Creating ORM DAG for data_ingestion_gcs_dag
[2022-12-04 05:15:49,823] {logging_mixin.py:109} INFO - [2022-12-04 05:15:49,823] {dag.py:2935} INFO - Setting next_dagrun for data_ingestion_gcs_dag to 2022-12-03 00:00:00+00:00
[2022-12-04 05:15:49,847] {processor.py:171} INFO - Processing /opt/airflow/dags/data_ingest_try_dag.py took 1.616 seconds
[2022-12-04 05:16:19,986] {processor.py:163} INFO - Started process (PID=2472) to work on /opt/airflow/dags/data_ingest_try_dag.py
[2022-12-04 05:16:19,991] {processor.py:642} INFO - Processing file /opt/airflow/dags/data_ingest_try_dag.py for tasks to queue
[2022-12-04 05:16:19,992] {logging_mixin.py:109} INFO - [2022-12-04 05:16:19,992] {dagbag.py:500} INFO - Filling up the DagBag from /opt/airflow/dags/data_ingest_try_dag.py
[2022-12-04 05:16:21,074] {processor.py:654} INFO - DAG(s) dict_keys(['data_ingestion_gcs_dag']) retrieved from /opt/airflow/dags/data_ingest_try_dag.py
[2022-12-04 05:16:21,079] {logging_mixin.py:109} INFO - [2022-12-04 05:16:21,078] {dag.py:2396} INFO - Sync 1 DAGs
[2022-12-04 05:16:21,106] {logging_mixin.py:109} INFO - [2022-12-04 05:16:21,105] {dag.py:2935} INFO - Setting next_dagrun for data_ingestion_gcs_dag to 2022-12-03 00:00:00+00:00
[2022-12-04 05:16:21,125] {processor.py:171} INFO - Processing /opt/airflow/dags/data_ingest_try_dag.py took 1.142 seconds
