[2022-12-04 05:46:28,131] {taskinstance.py:1032} INFO - Dependencies all met for <TaskInstance: data_ingestion_gcs_dag.format_to_parquet_task manual__2022-12-04T05:45:55.792480+00:00 [queued]>
[2022-12-04 05:46:28,151] {taskinstance.py:1032} INFO - Dependencies all met for <TaskInstance: data_ingestion_gcs_dag.format_to_parquet_task manual__2022-12-04T05:45:55.792480+00:00 [queued]>
[2022-12-04 05:46:28,152] {taskinstance.py:1238} INFO - 
--------------------------------------------------------------------------------
[2022-12-04 05:46:28,152] {taskinstance.py:1239} INFO - Starting attempt 1 of 2
[2022-12-04 05:46:28,152] {taskinstance.py:1240} INFO - 
--------------------------------------------------------------------------------
[2022-12-04 05:46:28,175] {taskinstance.py:1259} INFO - Executing <Task(PythonOperator): format_to_parquet_task> on 2022-12-04 05:45:55.792480+00:00
[2022-12-04 05:46:28,183] {standard_task_runner.py:52} INFO - Started process 3161 to run task
[2022-12-04 05:46:28,190] {standard_task_runner.py:76} INFO - Running: ['***', 'tasks', 'run', 'data_ingestion_gcs_dag', 'format_to_parquet_task', 'manual__2022-12-04T05:45:55.792480+00:00', '--job-id', '237', '--raw', '--subdir', 'DAGS_FOLDER/data_ingestion_gcs_dag.py', '--cfg-path', '/tmp/tmpxe5prxjj', '--error-file', '/tmp/tmp5hv5_qmd']
[2022-12-04 05:46:28,192] {standard_task_runner.py:77} INFO - Job 237: Subtask format_to_parquet_task
[2022-12-04 05:46:28,278] {logging_mixin.py:109} INFO - Running <TaskInstance: data_ingestion_gcs_dag.format_to_parquet_task manual__2022-12-04T05:45:55.792480+00:00 [running]> on host f96e892f1d4c
[2022-12-04 05:46:28,371] {taskinstance.py:1426} INFO - Exporting the following env vars:
AIRFLOW_CTX_DAG_OWNER=***
AIRFLOW_CTX_DAG_ID=data_ingestion_gcs_dag
AIRFLOW_CTX_TASK_ID=format_to_parquet_task
AIRFLOW_CTX_EXECUTION_DATE=2022-12-04T05:45:55.792480+00:00
AIRFLOW_CTX_DAG_RUN_ID=manual__2022-12-04T05:45:55.792480+00:00
[2022-12-04 05:46:28,604] {python.py:175} INFO - Done. Returned value was: None
[2022-12-04 05:46:28,642] {taskinstance.py:1277} INFO - Marking task as SUCCESS. dag_id=data_ingestion_gcs_dag, task_id=format_to_parquet_task, execution_date=20221204T054555, start_date=20221204T054628, end_date=20221204T054628
[2022-12-04 05:46:28,693] {local_task_job.py:154} INFO - Task exited with return code 0
[2022-12-04 05:46:28,786] {local_task_job.py:264} INFO - 1 downstream tasks scheduled from follow-on schedule check
