[2022-12-04 05:54:03,888] {taskinstance.py:1032} INFO - Dependencies all met for <TaskInstance: data_ingestion_gcs_dag.bigquery_external_table_task manual__2022-12-04T05:53:26.144546+00:00 [queued]>
[2022-12-04 05:54:03,910] {taskinstance.py:1032} INFO - Dependencies all met for <TaskInstance: data_ingestion_gcs_dag.bigquery_external_table_task manual__2022-12-04T05:53:26.144546+00:00 [queued]>
[2022-12-04 05:54:03,911] {taskinstance.py:1238} INFO - 
--------------------------------------------------------------------------------
[2022-12-04 05:54:03,911] {taskinstance.py:1239} INFO - Starting attempt 1 of 2
[2022-12-04 05:54:03,911] {taskinstance.py:1240} INFO - 
--------------------------------------------------------------------------------
[2022-12-04 05:54:03,935] {taskinstance.py:1259} INFO - Executing <Task(BigQueryCreateExternalTableOperator): bigquery_external_table_task> on 2022-12-04 05:53:26.144546+00:00
[2022-12-04 05:54:03,946] {standard_task_runner.py:52} INFO - Started process 3443 to run task
[2022-12-04 05:54:03,954] {standard_task_runner.py:76} INFO - Running: ['***', 'tasks', 'run', 'data_ingestion_gcs_dag', 'bigquery_external_table_task', 'manual__2022-12-04T05:53:26.144546+00:00', '--job-id', '249', '--raw', '--subdir', 'DAGS_FOLDER/data_ingestion_gcs_dag.py', '--cfg-path', '/tmp/tmp7n1e4psb', '--error-file', '/tmp/tmpiwq_zky6']
[2022-12-04 05:54:03,955] {standard_task_runner.py:77} INFO - Job 249: Subtask bigquery_external_table_task
[2022-12-04 05:54:04,073] {logging_mixin.py:109} INFO - Running <TaskInstance: data_ingestion_gcs_dag.bigquery_external_table_task manual__2022-12-04T05:53:26.144546+00:00 [running]> on host f96e892f1d4c
[2022-12-04 05:54:04,202] {taskinstance.py:1426} INFO - Exporting the following env vars:
AIRFLOW_CTX_DAG_OWNER=***
AIRFLOW_CTX_DAG_ID=data_ingestion_gcs_dag
AIRFLOW_CTX_TASK_ID=bigquery_external_table_task
AIRFLOW_CTX_EXECUTION_DATE=2022-12-04T05:53:26.144546+00:00
AIRFLOW_CTX_DAG_RUN_ID=manual__2022-12-04T05:53:26.144546+00:00
[2022-12-04 05:54:04,204] {crypto.py:82} WARNING - empty cryptography key - values will not be stored encrypted.
[2022-12-04 05:54:04,659] {taskinstance.py:1277} INFO - Marking task as SUCCESS. dag_id=data_ingestion_gcs_dag, task_id=bigquery_external_table_task, execution_date=20221204T055326, start_date=20221204T055403, end_date=20221204T055404
[2022-12-04 05:54:04,727] {local_task_job.py:154} INFO - Task exited with return code 0
[2022-12-04 05:54:04,786] {local_task_job.py:264} INFO - 0 downstream tasks scheduled from follow-on schedule check
