[2022-12-04 05:57:53,658] {taskinstance.py:1032} INFO - Dependencies all met for <TaskInstance: data_ingestion_gcs_dag.json_to_csv_task manual__2022-12-04T05:57:28.600546+00:00 [queued]>
[2022-12-04 05:57:53,682] {taskinstance.py:1032} INFO - Dependencies all met for <TaskInstance: data_ingestion_gcs_dag.json_to_csv_task manual__2022-12-04T05:57:28.600546+00:00 [queued]>
[2022-12-04 05:57:53,683] {taskinstance.py:1238} INFO - 
--------------------------------------------------------------------------------
[2022-12-04 05:57:53,683] {taskinstance.py:1239} INFO - Starting attempt 1 of 2
[2022-12-04 05:57:53,683] {taskinstance.py:1240} INFO - 
--------------------------------------------------------------------------------
[2022-12-04 05:57:53,711] {taskinstance.py:1259} INFO - Executing <Task(PythonOperator): json_to_csv_task> on 2022-12-04 05:57:28.600546+00:00
[2022-12-04 05:57:53,722] {standard_task_runner.py:52} INFO - Started process 3583 to run task
[2022-12-04 05:57:53,726] {standard_task_runner.py:76} INFO - Running: ['***', 'tasks', 'run', 'data_ingestion_gcs_dag', 'json_to_csv_task', 'manual__2022-12-04T05:57:28.600546+00:00', '--job-id', '256', '--raw', '--subdir', 'DAGS_FOLDER/data_ingestion_gcs_dag.py', '--cfg-path', '/tmp/tmphosbaqyw', '--error-file', '/tmp/tmpc6r0j8rb']
[2022-12-04 05:57:53,727] {standard_task_runner.py:77} INFO - Job 256: Subtask json_to_csv_task
[2022-12-04 05:57:53,817] {logging_mixin.py:109} INFO - Running <TaskInstance: data_ingestion_gcs_dag.json_to_csv_task manual__2022-12-04T05:57:28.600546+00:00 [running]> on host f96e892f1d4c
[2022-12-04 05:57:53,906] {taskinstance.py:1426} INFO - Exporting the following env vars:
AIRFLOW_CTX_DAG_OWNER=***
AIRFLOW_CTX_DAG_ID=data_ingestion_gcs_dag
AIRFLOW_CTX_TASK_ID=json_to_csv_task
AIRFLOW_CTX_EXECUTION_DATE=2022-12-04T05:57:28.600546+00:00
AIRFLOW_CTX_DAG_RUN_ID=manual__2022-12-04T05:57:28.600546+00:00
[2022-12-04 05:57:53,915] {python.py:175} INFO - Done. Returned value was: None
[2022-12-04 05:57:53,933] {taskinstance.py:1277} INFO - Marking task as SUCCESS. dag_id=data_ingestion_gcs_dag, task_id=json_to_csv_task, execution_date=20221204T055728, start_date=20221204T055753, end_date=20221204T055753
[2022-12-04 05:57:53,980] {local_task_job.py:154} INFO - Task exited with return code 0
[2022-12-04 05:57:54,052] {local_task_job.py:264} INFO - 1 downstream tasks scheduled from follow-on schedule check
