[2022-12-04 05:30:59,654] {taskinstance.py:1032} INFO - Dependencies all met for <TaskInstance: data_ingestion_gcs_dag.local_to_gcs_task manual__2022-12-04T05:30:28.892888+00:00 [queued]>
[2022-12-04 05:30:59,672] {taskinstance.py:1032} INFO - Dependencies all met for <TaskInstance: data_ingestion_gcs_dag.local_to_gcs_task manual__2022-12-04T05:30:28.892888+00:00 [queued]>
[2022-12-04 05:30:59,672] {taskinstance.py:1238} INFO - 
--------------------------------------------------------------------------------
[2022-12-04 05:30:59,673] {taskinstance.py:1239} INFO - Starting attempt 1 of 2
[2022-12-04 05:30:59,673] {taskinstance.py:1240} INFO - 
--------------------------------------------------------------------------------
[2022-12-04 05:30:59,691] {taskinstance.py:1259} INFO - Executing <Task(PythonOperator): local_to_gcs_task> on 2022-12-04 05:30:28.892888+00:00
[2022-12-04 05:30:59,698] {standard_task_runner.py:52} INFO - Started process 2626 to run task
[2022-12-04 05:30:59,701] {standard_task_runner.py:76} INFO - Running: ['***', 'tasks', 'run', 'data_ingestion_gcs_dag', 'local_to_gcs_task', 'manual__2022-12-04T05:30:28.892888+00:00', '--job-id', '224', '--raw', '--subdir', 'DAGS_FOLDER/data_ingestion_gcs_dag.py', '--cfg-path', '/tmp/tmpo82lhn0p', '--error-file', '/tmp/tmp8dx8vo46']
[2022-12-04 05:30:59,702] {standard_task_runner.py:77} INFO - Job 224: Subtask local_to_gcs_task
[2022-12-04 05:30:59,787] {logging_mixin.py:109} INFO - Running <TaskInstance: data_ingestion_gcs_dag.local_to_gcs_task manual__2022-12-04T05:30:28.892888+00:00 [running]> on host f96e892f1d4c
[2022-12-04 05:30:59,876] {taskinstance.py:1426} INFO - Exporting the following env vars:
AIRFLOW_CTX_DAG_OWNER=***
AIRFLOW_CTX_DAG_ID=data_ingestion_gcs_dag
AIRFLOW_CTX_TASK_ID=local_to_gcs_task
AIRFLOW_CTX_EXECUTION_DATE=2022-12-04T05:30:28.892888+00:00
AIRFLOW_CTX_DAG_RUN_ID=manual__2022-12-04T05:30:28.892888+00:00
[2022-12-04 05:31:00,213] {python.py:175} INFO - Done. Returned value was: None
[2022-12-04 05:31:00,233] {taskinstance.py:1277} INFO - Marking task as SUCCESS. dag_id=data_ingestion_gcs_dag, task_id=local_to_gcs_task, execution_date=20221204T053028, start_date=20221204T053059, end_date=20221204T053100
[2022-12-04 05:31:00,277] {local_task_job.py:154} INFO - Task exited with return code 0
[2022-12-04 05:31:00,321] {local_task_job.py:264} INFO - 1 downstream tasks scheduled from follow-on schedule check
