[2022-12-04 05:46:23,417] {taskinstance.py:1032} INFO - Dependencies all met for <TaskInstance: data_ingestion_gcs_dag.json_to_csv_task manual__2022-12-04T05:45:55.792480+00:00 [queued]>
[2022-12-04 05:46:23,470] {taskinstance.py:1032} INFO - Dependencies all met for <TaskInstance: data_ingestion_gcs_dag.json_to_csv_task manual__2022-12-04T05:45:55.792480+00:00 [queued]>
[2022-12-04 05:46:23,470] {taskinstance.py:1238} INFO - 
--------------------------------------------------------------------------------
[2022-12-04 05:46:23,471] {taskinstance.py:1239} INFO - Starting attempt 1 of 2
[2022-12-04 05:46:23,471] {taskinstance.py:1240} INFO - 
--------------------------------------------------------------------------------
[2022-12-04 05:46:23,527] {taskinstance.py:1259} INFO - Executing <Task(PythonOperator): json_to_csv_task> on 2022-12-04 05:45:55.792480+00:00
[2022-12-04 05:46:23,550] {standard_task_runner.py:52} INFO - Started process 3158 to run task
[2022-12-04 05:46:23,572] {standard_task_runner.py:76} INFO - Running: ['***', 'tasks', 'run', 'data_ingestion_gcs_dag', 'json_to_csv_task', 'manual__2022-12-04T05:45:55.792480+00:00', '--job-id', '236', '--raw', '--subdir', 'DAGS_FOLDER/data_ingestion_gcs_dag.py', '--cfg-path', '/tmp/tmpbyk8x0cy', '--error-file', '/tmp/tmprry3xme5']
[2022-12-04 05:46:23,585] {standard_task_runner.py:77} INFO - Job 236: Subtask json_to_csv_task
[2022-12-04 05:46:23,802] {logging_mixin.py:109} INFO - Running <TaskInstance: data_ingestion_gcs_dag.json_to_csv_task manual__2022-12-04T05:45:55.792480+00:00 [running]> on host f96e892f1d4c
[2022-12-04 05:46:23,994] {taskinstance.py:1426} INFO - Exporting the following env vars:
AIRFLOW_CTX_DAG_OWNER=***
AIRFLOW_CTX_DAG_ID=data_ingestion_gcs_dag
AIRFLOW_CTX_TASK_ID=json_to_csv_task
AIRFLOW_CTX_EXECUTION_DATE=2022-12-04T05:45:55.792480+00:00
AIRFLOW_CTX_DAG_RUN_ID=manual__2022-12-04T05:45:55.792480+00:00
[2022-12-04 05:46:24,020] {python.py:175} INFO - Done. Returned value was: None
[2022-12-04 05:46:24,082] {taskinstance.py:1277} INFO - Marking task as SUCCESS. dag_id=data_ingestion_gcs_dag, task_id=json_to_csv_task, execution_date=20221204T054555, start_date=20221204T054623, end_date=20221204T054624
[2022-12-04 05:46:24,249] {local_task_job.py:154} INFO - Task exited with return code 0
[2022-12-04 05:46:24,419] {local_task_job.py:264} INFO - 1 downstream tasks scheduled from follow-on schedule check
