[2022-12-04 05:58:04,231] {taskinstance.py:1032} INFO - Dependencies all met for <TaskInstance: data_ingestion_gcs_dag.bigquery_external_table_task manual__2022-12-04T05:57:28.600546+00:00 [queued]>
[2022-12-04 05:58:04,268] {taskinstance.py:1032} INFO - Dependencies all met for <TaskInstance: data_ingestion_gcs_dag.bigquery_external_table_task manual__2022-12-04T05:57:28.600546+00:00 [queued]>
[2022-12-04 05:58:04,269] {taskinstance.py:1238} INFO - 
--------------------------------------------------------------------------------
[2022-12-04 05:58:04,269] {taskinstance.py:1239} INFO - Starting attempt 1 of 2
[2022-12-04 05:58:04,269] {taskinstance.py:1240} INFO - 
--------------------------------------------------------------------------------
[2022-12-04 05:58:04,299] {taskinstance.py:1259} INFO - Executing <Task(BigQueryCreateExternalTableOperator): bigquery_external_table_task> on 2022-12-04 05:57:28.600546+00:00
[2022-12-04 05:58:04,322] {standard_task_runner.py:52} INFO - Started process 3604 to run task
[2022-12-04 05:58:04,329] {standard_task_runner.py:76} INFO - Running: ['***', 'tasks', 'run', 'data_ingestion_gcs_dag', 'bigquery_external_table_task', 'manual__2022-12-04T05:57:28.600546+00:00', '--job-id', '259', '--raw', '--subdir', 'DAGS_FOLDER/data_ingestion_gcs_dag.py', '--cfg-path', '/tmp/tmppbczesiw', '--error-file', '/tmp/tmpmjtj5cu5']
[2022-12-04 05:58:04,341] {standard_task_runner.py:77} INFO - Job 259: Subtask bigquery_external_table_task
[2022-12-04 05:58:04,476] {logging_mixin.py:109} INFO - Running <TaskInstance: data_ingestion_gcs_dag.bigquery_external_table_task manual__2022-12-04T05:57:28.600546+00:00 [running]> on host f96e892f1d4c
[2022-12-04 05:58:04,663] {taskinstance.py:1426} INFO - Exporting the following env vars:
AIRFLOW_CTX_DAG_OWNER=***
AIRFLOW_CTX_DAG_ID=data_ingestion_gcs_dag
AIRFLOW_CTX_TASK_ID=bigquery_external_table_task
AIRFLOW_CTX_EXECUTION_DATE=2022-12-04T05:57:28.600546+00:00
AIRFLOW_CTX_DAG_RUN_ID=manual__2022-12-04T05:57:28.600546+00:00
[2022-12-04 05:58:04,665] {crypto.py:82} WARNING - empty cryptography key - values will not be stored encrypted.
[2022-12-04 05:58:05,307] {taskinstance.py:1277} INFO - Marking task as SUCCESS. dag_id=data_ingestion_gcs_dag, task_id=bigquery_external_table_task, execution_date=20221204T055728, start_date=20221204T055804, end_date=20221204T055805
[2022-12-04 05:58:05,480] {local_task_job.py:154} INFO - Task exited with return code 0
[2022-12-04 05:58:05,579] {local_task_job.py:264} INFO - 0 downstream tasks scheduled from follow-on schedule check
